# JRE version: OpenJDK Runtime Environment Microsoft-13877129 (17.0.19+10) (build 17.0.19+10-LTS)
# Java VM: OpenJDK 64-Bit Server VM Microsoft-13877129 (17.0.19+10-LTS, mixed mode, sharing, tiered, compressed oops, compressed class ptrs, g1 gc, windows-amd64)
GC Precious Log:
 CPUs: 8 total, 8 available
 Memory: 7998M
 Large Page Support: Disabled
 NUMA Support: Disabled
 Compressed Oops: Enabled (32-bit)
 Heap Region Size: 1M
 Heap Min Capacity: 8M
 Heap Initial Capacity: 126M
 Heap Max Capacity: 2G
 Pre-touch: Disabled
 Parallel Workers: 8
 Concurrent Workers: 2
 Concurrent Refinement Workers: 8
 Periodic GC: Disabled
Heap:
 garbage-first heap   total 294912K, used 91337K [0x0000000080000000, 0x0000000100000000)
  region size 1024K, 5 young (5120K), 5 survivors (5120K)
 Metaspace       used 54811K, committed 55616K, reserved 491520K
  class space    used 7692K, committed 8064K, reserved 425984K
GC Heap History (20 events):
Event: 38.320 GC heap after
{Heap after GC invocations=21 (full 0):
 garbage-first heap   total 92160K, used 53294K [0x0000000080000000, 0x0000000100000000)
  region size 1024K, 3 young (3072K), 3 survivors (3072K)
 Metaspace       used 53392K, committed 54208K, reserved 491520K
  class space    used 7568K, committed 7936K, reserved 425984K
}
Event: 38.323 GC heap before
{Heap before GC invocations=21 (full 0):
 garbage-first heap   total 92160K, used 53294K [0x0000000080000000, 0x0000000100000000)
  region size 1024K, 4 young (4096K), 3 survivors (3072K)
 Metaspace       used 53392K, committed 54208K, reserved 491520K
  class space    used 7568K, committed 7936K, reserved 425984K
}
Event: 38.332 GC heap after
{Heap after GC invocations=22 (full 0):
 garbage-first heap   total 92160K, used 54182K [0x0000000080000000, 0x0000000100000000)
  region size 1024K, 1 young (1024K), 1 survivors (1024K)
 Metaspace       used 53392K, committed 54208K, reserved 491520K
  class space    used 7568K, committed 7936K, reserved 425984K
}
Event: 38.614 GC heap before
{Heap before GC invocations=23 (full 0):
 garbage-first heap   total 117760K, used 78758K [0x0000000080000000, 0x0000000100000000)
  region size 1024K, 20 young (20480K), 1 survivors (1024K)
 Metaspace       used 53878K, committed 54784K, reserved 491520K
  class space    used 7645K, committed 8064K, reserved 425984K
}
Event: 38.630 GC heap after
{Heap after GC invocations=24 (full 0):
 garbage-first heap   total 117760K, used 67774K [0x0000000080000000, 0x0000000100000000)
  region size 1024K, 3 young (3072K), 3 survivors (3072K)
 Metaspace       used 53878K, committed 54784K, reserved 491520K
  class space    used 7645K, committed 8064K, reserved 425984K
}
Event: 38.841 GC heap before
{Heap before GC invocations=24 (full 0):
 garbage-first heap   total 117760K, used 87230K [0x0000000080000000, 0x0000000100000000)
  region size 1024K, 23 young (23552K), 3 survivors (3072K)
 Metaspace       used 54081K, committed 54912K, reserved 491520K
  class space    used 7647K, committed 8064K, reserved 425984K
}
Event: 38.859 GC heap after
{Heap after GC invocations=25 (full 0):
 garbage-first heap   total 117760K, used 73783K [0x0000000080000000, 0x0000000100000000)
  region size 1024K, 3 young (3072K), 3 survivors (3072K)
 Metaspace       used 54081K, committed 54912K, reserved 491520K
  class space    used 7647K, committed 8064K, reserved 425984K
}
Event: 39.108 GC heap before
{Heap before GC invocations=25 (full 0):
 garbage-first heap   total 147456K, used 91191K [0x0000000080000000, 0x0000000100000000)
  region size 1024K, 20 young (20480K), 3 survivors (3072K)
 Metaspace       used 54144K, committed 54976K, reserved 491520K
  class space    used 7647K, committed 8064K, reserved 425984K
}
Event: 39.122 GC heap after
{Heap after GC invocations=26 (full 0):
 garbage-first heap   total 147456K, used 77324K [0x0000000080000000, 0x0000000100000000)
  region size 1024K, 3 young (3072K), 3 survivors (3072K)
 Metaspace       used 54144K, committed 54976K, reserved 491520K
  class space    used 7647K, committed 8064K, reserved 425984K
}
Event: 39.361 GC heap before
{Heap before GC invocations=27 (full 0):
 garbage-first heap   total 147456K, used 107020K [0x0000000080000000, 0x0000000100000000)
  region size 1024K, 33 young (33792K), 3 survivors (3072K)
 Metaspace       used 54351K, committed 55232K, reserved 491520K
  class space    used 7666K, committed 8064K, reserved 425984K
}
Event: 39.373 GC heap after
{Heap after GC invocations=28 (full 0):
 garbage-first heap   total 147456K, used 79627K [0x0000000080000000, 0x0000000100000000)
  region size 1024K, 4 young (4096K), 4 survivors (4096K)
 Metaspace       used 54351K, committed 55232K, reserved 491520K
  class space    used 7666K, committed 8064K, reserved 425984K
}
Event: 39.387 GC heap before
{Heap before GC invocations=28 (full 0):
 garbage-first heap   total 147456K, used 82699K [0x0000000080000000, 0x0000000100000000)
  region size 1024K, 7 young (7168K), 4 survivors (4096K)
 Metaspace       used 54358K, committed 55232K, reserved 491520K
  class space    used 7666K, committed 8064K, reserved 425984K
}
Event: 39.398 GC heap after
{Heap after GC invocations=29 (full 0):
 garbage-first heap   total 294912K, used 80180K [0x0000000080000000, 0x0000000100000000)
  region size 1024K, 1 young (1024K), 1 survivors (1024K)
 Metaspace       used 54358K, committed 55232K, reserved 491520K
  class space    used 7666K, committed 8064K, reserved 425984K
}
Event: 39.883 GC heap before
{Heap before GC invocations=29 (full 0):
 garbage-first heap   total 294912K, used 193844K [0x0000000080000000, 0x0000000100000000)
  region size 1024K, 112 young (114688K), 1 survivors (1024K)
 Metaspace       used 54439K, committed 55296K, reserved 491520K
  class space    used 7669K, committed 8064K, reserved 425984K
}
Event: 39.900 GC heap after
{Heap after GC invocations=30 (full 0):
 garbage-first heap   total 294912K, used 86998K [0x0000000080000000, 0x0000000100000000)
  region size 1024K, 8 young (8192K), 8 survivors (8192K)
 Metaspace       used 54439K, committed 55296K, reserved 491520K
  class space    used 7669K, committed 8064K, reserved 425984K
}
Event: 40.605 GC heap before
{Heap before GC invocations=30 (full 0):
 garbage-first heap   total 294912K, used 208854K [0x0000000080000000, 0x0000000100000000)
  region size 1024K, 128 young (131072K), 8 survivors (8192K)
 Metaspace       used 54643K, committed 55488K, reserved 491520K
  class space    used 7687K, committed 8064K, reserved 425984K
}
Event: 40.624 GC heap after
{Heap after GC invocations=31 (full 0):
 garbage-first heap   total 294912K, used 89420K [0x0000000080000000, 0x0000000100000000)
  region size 1024K, 10 young (10240K), 10 survivors (10240K)
 Metaspace       used 54643K, committed 55488K, reserved 491520K
  class space    used 7687K, committed 8064K, reserved 425984K
}
Event: 41.233 GC heap before
{Heap before GC invocations=31 (full 0):
 garbage-first heap   total 294912K, used 215372K [0x0000000080000000, 0x0000000100000000)
  region size 1024K, 134 young (137216K), 10 survivors (10240K)
 Metaspace       used 54743K, committed 55616K, reserved 491520K
  class space    used 7691K, committed 8064K, reserved 425984K
}
Event: 41.247 GC heap after
{Heap after GC invocations=32 (full 0):
 garbage-first heap   total 294912K, used 90510K [0x0000000080000000, 0x0000000100000000)
  region size 1024K, 5 young (5120K), 5 survivors (5120K)
 Metaspace       used 54743K, committed 55616K, reserved 491520K
  class space    used 7691K, committed 8064K, reserved 425984K
}
Event: 41.806 GC heap before
{Heap before GC invocations=32 (full 0):
 garbage-first heap   total 294912K, used 232846K [0x0000000080000000, 0x0000000100000000)
  region size 1024K, 144 young (147456K), 5 survivors (5120K)
 Metaspace       used 54811K, committed 55616K, reserved 491520K
  class space    used 7692K, committed 8064K, reserved 425984K
}

