# JRE version: OpenJDK Runtime Environment Microsoft-13877129 (17.0.19+10) (build 17.0.19+10-LTS)
# Java VM: OpenJDK 64-Bit Server VM Microsoft-13877129 (17.0.19+10-LTS, mixed mode, sharing, tiered, compressed oops, compressed class ptrs, g1 gc, windows-amd64)
GC Precious Log:
 CPUs: 8 total, 8 available
 Memory: 7998M
 Large Page Support: Disabled
 NUMA Support: Disabled
 Compressed Oops: Enabled (32-bit)
 Heap Region Size: 1M
 Heap Min Capacity: 8M
 Heap Initial Capacity: 126M
 Heap Max Capacity: 2G
 Pre-touch: Disabled
 Parallel Workers: 8
 Concurrent Workers: 2
 Concurrent Refinement Workers: 8
 Periodic GC: Disabled
Heap:
 garbage-first heap   total 256000K, used 128610K [0x0000000080000000, 0x0000000100000000)
  region size 1024K, 66 young (67584K), 13 survivors (13312K)
 Metaspace       used 48193K, committed 48960K, reserved 491520K
  class space    used 6627K, committed 6976K, reserved 425984K
GC Heap History (20 events):
Event: 46.100 GC heap before
{Heap before GC invocations=21 (full 0):
 garbage-first heap   total 107520K, used 88465K [0x0000000080000000, 0x0000000100000000)
  region size 1024K, 42 young (43008K), 4 survivors (4096K)
 Metaspace       used 47079K, committed 47808K, reserved 491520K
  class space    used 6510K, committed 6848K, reserved 425984K
}
Event: 46.106 GC heap after
{Heap after GC invocations=22 (full 0):
 garbage-first heap   total 107520K, used 51593K [0x0000000080000000, 0x0000000100000000)
  region size 1024K, 5 young (5120K), 5 survivors (5120K)
 Metaspace       used 47079K, committed 47808K, reserved 491520K
  class space    used 6510K, committed 6848K, reserved 425984K
}
Event: 46.379 GC heap before
{Heap before GC invocations=22 (full 0):
 garbage-first heap   total 107520K, used 88457K [0x0000000080000000, 0x0000000100000000)
  region size 1024K, 41 young (41984K), 5 survivors (5120K)
 Metaspace       used 47896K, committed 48640K, reserved 491520K
  class space    used 6619K, committed 6976K, reserved 425984K
}
Event: 46.385 GC heap after
{Heap after GC invocations=23 (full 0):
 garbage-first heap   total 107520K, used 53440K [0x0000000080000000, 0x0000000100000000)
  region size 1024K, 5 young (5120K), 5 survivors (5120K)
 Metaspace       used 47896K, committed 48640K, reserved 491520K
  class space    used 6619K, committed 6976K, reserved 425984K
}
Event: 46.467 GC heap before
{Heap before GC invocations=23 (full 0):
 garbage-first heap   total 107520K, used 87232K [0x0000000080000000, 0x0000000100000000)
  region size 1024K, 39 young (39936K), 5 survivors (5120K)
 Metaspace       used 48097K, committed 48832K, reserved 491520K
  class space    used 6644K, committed 6976K, reserved 425984K
}
Event: 46.472 GC heap after
{Heap after GC invocations=24 (full 0):
 garbage-first heap   total 107520K, used 55114K [0x0000000080000000, 0x0000000100000000)
  region size 1024K, 4 young (4096K), 4 survivors (4096K)
 Metaspace       used 48097K, committed 48832K, reserved 491520K
  class space    used 6644K, committed 6976K, reserved 425984K
}
Event: 46.545 GC heap before
{Heap before GC invocations=24 (full 0):
 garbage-first heap   total 107520K, used 87882K [0x0000000080000000, 0x0000000100000000)
  region size 1024K, 37 young (37888K), 4 survivors (4096K)
 Metaspace       used 48202K, committed 48960K, reserved 491520K
  class space    used 6661K, committed 6976K, reserved 425984K
}
Event: 46.548 GC heap after
{Heap after GC invocations=25 (full 0):
 garbage-first heap   total 107520K, used 57150K [0x0000000080000000, 0x0000000100000000)
  region size 1024K, 4 young (4096K), 4 survivors (4096K)
 Metaspace       used 48202K, committed 48960K, reserved 491520K
  class space    used 6661K, committed 6976K, reserved 425984K
}
Event: 46.624 GC heap before
{Heap before GC invocations=26 (full 0):
 garbage-first heap   total 107520K, used 89918K [0x0000000080000000, 0x0000000100000000)
  region size 1024K, 36 young (36864K), 4 survivors (4096K)
 Metaspace       used 48087K, committed 48960K, reserved 491520K
  class space    used 6627K, committed 6976K, reserved 425984K
}
Event: 46.627 GC heap after
{Heap after GC invocations=27 (full 0):
 garbage-first heap   total 107520K, used 58803K [0x0000000080000000, 0x0000000100000000)
  region size 1024K, 4 young (4096K), 4 survivors (4096K)
 Metaspace       used 48087K, committed 48960K, reserved 491520K
  class space    used 6627K, committed 6976K, reserved 425984K
}
Event: 46.629 GC heap before
{Heap before GC invocations=27 (full 0):
 garbage-first heap   total 107520K, used 59827K [0x0000000080000000, 0x0000000100000000)
  region size 1024K, 6 young (6144K), 4 survivors (4096K)
 Metaspace       used 48087K, committed 48960K, reserved 491520K
  class space    used 6627K, committed 6976K, reserved 425984K
}
Event: 46.632 GC heap after
{Heap after GC invocations=28 (full 0):
 garbage-first heap   total 107520K, used 57419K [0x0000000080000000, 0x0000000100000000)
  region size 1024K, 1 young (1024K), 1 survivors (1024K)
 Metaspace       used 48087K, committed 48960K, reserved 491520K
  class space    used 6627K, committed 6976K, reserved 425984K
}
Event: 46.683 GC heap before
{Heap before GC invocations=28 (full 0):
 garbage-first heap   total 107520K, used 89163K [0x0000000080000000, 0x0000000100000000)
  region size 1024K, 32 young (32768K), 1 survivors (1024K)
 Metaspace       used 48121K, committed 48960K, reserved 491520K
  class space    used 6627K, committed 6976K, reserved 425984K
}
Event: 46.686 GC heap after
{Heap after GC invocations=29 (full 0):
 garbage-first heap   total 256000K, used 58436K [0x0000000080000000, 0x0000000100000000)
  region size 1024K, 2 young (2048K), 2 survivors (2048K)
 Metaspace       used 48121K, committed 48960K, reserved 491520K
  class space    used 6627K, committed 6976K, reserved 425984K
}
Event: 47.002 GC heap before
{Heap before GC invocations=30 (full 0):
 garbage-first heap   total 256000K, used 206916K [0x0000000080000000, 0x0000000100000000)
  region size 1024K, 148 young (151552K), 2 survivors (2048K)
 Metaspace       used 48144K, committed 48960K, reserved 491520K
  class space    used 6627K, committed 6976K, reserved 425984K
}
Event: 47.007 GC heap after
{Heap after GC invocations=31 (full 0):
 garbage-first heap   total 256000K, used 64894K [0x0000000080000000, 0x0000000100000000)
  region size 1024K, 9 young (9216K), 9 survivors (9216K)
 Metaspace       used 48144K, committed 48960K, reserved 491520K
  class space    used 6627K, committed 6976K, reserved 425984K
}
Event: 47.013 GC heap before
{Heap before GC invocations=31 (full 0):
 garbage-first heap   total 256000K, used 66942K [0x0000000080000000, 0x0000000100000000)
  region size 1024K, 12 young (12288K), 9 survivors (9216K)
 Metaspace       used 48144K, committed 48960K, reserved 491520K
  class space    used 6627K, committed 6976K, reserved 425984K
}
Event: 47.017 GC heap after
{Heap after GC invocations=32 (full 0):
 garbage-first heap   total 256000K, used 64058K [0x0000000080000000, 0x0000000100000000)
  region size 1024K, 1 young (1024K), 1 survivors (1024K)
 Metaspace       used 48144K, committed 48960K, reserved 491520K
  class space    used 6627K, committed 6976K, reserved 425984K
}
Event: 47.271 GC heap before
{Heap before GC invocations=32 (full 0):
 garbage-first heap   total 256000K, used 204346K [0x0000000080000000, 0x0000000100000000)
  region size 1024K, 139 young (142336K), 1 survivors (1024K)
 Metaspace       used 48163K, committed 48960K, reserved 491520K
  class space    used 6627K, committed 6976K, reserved 425984K
}
Event: 47.274 GC heap after
{Heap after GC invocations=33 (full 0):
 garbage-first heap   total 256000K, used 69907K [0x0000000080000000, 0x0000000100000000)
  region size 1024K, 7 young (7168K), 7 survivors (7168K)
 Metaspace       used 48163K, committed 48960K, reserved 491520K
  class space    used 6627K, committed 6976K, reserved 425984K
}

