# JRE version: OpenJDK Runtime Environment Microsoft-13877129 (17.0.19+10) (build 17.0.19+10-LTS)
# Java VM: OpenJDK 64-Bit Server VM Microsoft-13877129 (17.0.19+10-LTS, mixed mode, sharing, tiered, compressed oops, compressed class ptrs, g1 gc, windows-amd64)
GC Precious Log:
 CPUs: 8 total, 8 available
 Memory: 7998M
 Large Page Support: Disabled
 NUMA Support: Disabled
 Compressed Oops: Enabled (32-bit)
 Heap Region Size: 1M
 Heap Min Capacity: 8M
 Heap Initial Capacity: 126M
 Heap Max Capacity: 2G
 Pre-touch: Disabled
 Parallel Workers: 8
 Concurrent Workers: 2
 Concurrent Refinement Workers: 8
 Periodic GC: Disabled
Heap:
 garbage-first heap   total 214016K, used 121556K [0x0000000080000000, 0x0000000100000000)
  region size 1024K, 4 young (4096K), 4 survivors (4096K)
 Metaspace       used 97354K, committed 98368K, reserved 557056K
  class space    used 13320K, committed 13824K, reserved 425984K
GC Heap History (20 events):
Event: 51.784 GC heap after
{Heap after GC invocations=48 (full 0):
 garbage-first heap   total 157696K, used 92062K [0x0000000080000000, 0x0000000100000000)
  region size 1024K, 5 young (5120K), 5 survivors (5120K)
 Metaspace       used 87270K, committed 88256K, reserved 557056K
  class space    used 12242K, committed 12736K, reserved 425984K
}
Event: 52.139 GC heap before
{Heap before GC invocations=49 (full 0):
 garbage-first heap   total 194560K, used 130974K [0x0000000080000000, 0x0000000100000000)
  region size 1024K, 43 young (44032K), 5 survivors (5120K)
 Metaspace       used 87322K, committed 88320K, reserved 557056K
  class space    used 12242K, committed 12736K, reserved 425984K
}
Event: 52.152 GC heap after
{Heap after GC invocations=50 (full 0):
 garbage-first heap   total 194560K, used 92781K [0x0000000080000000, 0x0000000100000000)
  region size 1024K, 4 young (4096K), 4 survivors (4096K)
 Metaspace       used 87322K, committed 88320K, reserved 557056K
  class space    used 12242K, committed 12736K, reserved 425984K
}
Event: 52.187 GC heap before
{Heap before GC invocations=50 (full 0):
 garbage-first heap   total 194560K, used 97901K [0x0000000080000000, 0x0000000100000000)
  region size 1024K, 9 young (9216K), 4 survivors (4096K)
 Metaspace       used 87325K, committed 88320K, reserved 557056K
  class space    used 12242K, committed 12736K, reserved 425984K
}
Event: 52.195 GC heap after
{Heap after GC invocations=51 (full 0):
 garbage-first heap   total 194560K, used 92358K [0x0000000080000000, 0x0000000100000000)
  region size 1024K, 2 young (2048K), 2 survivors (2048K)
 Metaspace       used 87325K, committed 88320K, reserved 557056K
  class space    used 12242K, committed 12736K, reserved 425984K
}
Event: 57.286 GC heap before
{Heap before GC invocations=51 (full 0):
 garbage-first heap   total 194560K, used 161990K [0x0000000080000000, 0x0000000100000000)
  region size 1024K, 70 young (71680K), 2 survivors (2048K)
 Metaspace       used 95376K, committed 96448K, reserved 557056K
  class space    used 13192K, committed 13696K, reserved 425984K
}
Event: 57.301 GC heap after
{Heap after GC invocations=52 (full 0):
 garbage-first heap   total 194560K, used 98207K [0x0000000080000000, 0x0000000100000000)
  region size 1024K, 7 young (7168K), 7 survivors (7168K)
 Metaspace       used 95376K, committed 96448K, reserved 557056K
  class space    used 13192K, committed 13696K, reserved 425984K
}
Event: 80.681 GC heap before
{Heap before GC invocations=53 (full 0):
 garbage-first heap   total 194560K, used 144287K [0x0000000080000000, 0x0000000100000000)
  region size 1024K, 54 young (55296K), 7 survivors (7168K)
 Metaspace       used 96355K, committed 97472K, reserved 557056K
  class space    used 13233K, committed 13760K, reserved 425984K
}
Event: 80.693 GC heap after
{Heap after GC invocations=54 (full 0):
 garbage-first heap   total 194560K, used 100998K [0x0000000080000000, 0x0000000100000000)
  region size 1024K, 3 young (3072K), 3 survivors (3072K)
 Metaspace       used 96355K, committed 97472K, reserved 557056K
  class space    used 13233K, committed 13760K, reserved 425984K
}
Event: 81.302 GC heap before
{Heap before GC invocations=55 (full 0):
 garbage-first heap   total 194560K, used 163462K [0x0000000080000000, 0x0000000100000000)
  region size 1024K, 64 young (65536K), 3 survivors (3072K)
 Metaspace       used 96591K, committed 97664K, reserved 557056K
  class space    used 13258K, committed 13760K, reserved 425984K
}
Event: 81.316 GC heap after
{Heap after GC invocations=56 (full 0):
 garbage-first heap   total 194560K, used 111616K [0x0000000080000000, 0x0000000100000000)
  region size 1024K, 8 young (8192K), 8 survivors (8192K)
 Metaspace       used 96591K, committed 97664K, reserved 557056K
  class space    used 13258K, committed 13760K, reserved 425984K
}
Event: 81.320 GC heap before
{Heap before GC invocations=56 (full 0):
 garbage-first heap   total 194560K, used 112640K [0x0000000080000000, 0x0000000100000000)
  region size 1024K, 9 young (9216K), 8 survivors (8192K)
 Metaspace       used 96596K, committed 97664K, reserved 557056K
  class space    used 13259K, committed 13760K, reserved 425984K
}
Event: 81.329 GC heap after
{Heap after GC invocations=57 (full 0):
 garbage-first heap   total 194560K, used 112736K [0x0000000080000000, 0x0000000100000000)
  region size 1024K, 2 young (2048K), 2 survivors (2048K)
 Metaspace       used 96596K, committed 97664K, reserved 557056K
  class space    used 13259K, committed 13760K, reserved 425984K
}
Event: 81.667 GC heap before
{Heap before GC invocations=57 (full 0):
 garbage-first heap   total 194560K, used 156768K [0x0000000080000000, 0x0000000100000000)
  region size 1024K, 46 young (47104K), 2 survivors (2048K)
 Metaspace       used 97087K, committed 98176K, reserved 557056K
  class space    used 13308K, committed 13824K, reserved 425984K
}
Event: 81.675 GC heap after
{Heap after GC invocations=58 (full 0):
 garbage-first heap   total 194560K, used 117948K [0x0000000080000000, 0x0000000100000000)
  region size 1024K, 6 young (6144K), 6 survivors (6144K)
 Metaspace       used 97087K, committed 98176K, reserved 557056K
  class space    used 13308K, committed 13824K, reserved 425984K
}
Event: 82.249 GC heap before
{Heap before GC invocations=59 (full 0):
 garbage-first heap   total 214016K, used 157884K [0x0000000080000000, 0x0000000100000000)
  region size 1024K, 45 young (46080K), 6 survivors (6144K)
 Metaspace       used 97337K, committed 98368K, reserved 557056K
  class space    used 13319K, committed 13824K, reserved 425984K
}
Event: 82.257 GC heap after
{Heap after GC invocations=60 (full 0):
 garbage-first heap   total 214016K, used 118490K [0x0000000080000000, 0x0000000100000000)
  region size 1024K, 2 young (2048K), 2 survivors (2048K)
 Metaspace       used 97337K, committed 98368K, reserved 557056K
  class space    used 13319K, committed 13824K, reserved 425984K
}
Event: 82.331 GC heap before
{Heap before GC invocations=60 (full 0):
 garbage-first heap   total 214016K, used 126682K [0x0000000080000000, 0x0000000100000000)
  region size 1024K, 10 young (10240K), 2 survivors (2048K)
 Metaspace       used 97337K, committed 98368K, reserved 557056K
  class space    used 13319K, committed 13824K, reserved 425984K
}
Event: 82.334 GC heap after
{Heap after GC invocations=61 (full 0):
 garbage-first heap   total 214016K, used 118058K [0x0000000080000000, 0x0000000100000000)
  region size 1024K, 1 young (1024K), 1 survivors (1024K)
 Metaspace       used 97337K, committed 98368K, reserved 557056K
  class space    used 13319K, committed 13824K, reserved 425984K
}
Event: 82.547 GC heap before
{Heap before GC invocations=61 (full 0):
 garbage-first heap   total 214016K, used 175402K [0x0000000080000000, 0x0000000100000000)
  region size 1024K, 57 young (58368K), 1 survivors (1024K)
 Metaspace       used 97354K, committed 98368K, reserved 557056K
  class space    used 13320K, committed 13824K, reserved 425984K
}

