# JRE version: OpenJDK Runtime Environment Microsoft-13877129 (17.0.19+10) (build 17.0.19+10-LTS)
# Java VM: OpenJDK 64-Bit Server VM Microsoft-13877129 (17.0.19+10-LTS, mixed mode, sharing, tiered, compressed oops, compressed class ptrs, g1 gc, windows-amd64)
GC Precious Log:
 CPUs: 8 total, 8 available
 Memory: 7998M
 Large Page Support: Disabled
 NUMA Support: Disabled
 Compressed Oops: Enabled (32-bit)
 Heap Region Size: 1M
 Heap Min Capacity: 8M
 Heap Initial Capacity: 126M
 Heap Max Capacity: 2G
 Pre-touch: Disabled
 Parallel Workers: 8
 Concurrent Workers: 2
 Concurrent Refinement Workers: 8
 Periodic GC: Disabled
Heap:
 garbage-first heap   total 391168K, used 267445K [0x0000000080000000, 0x0000000100000000)
  region size 1024K, 140 young (143360K), 9 survivors (9216K)
 Metaspace       used 132551K, committed 133504K, reserved 557056K
  class space    used 16858K, committed 17280K, reserved 425984K
GC Heap History (20 events):
Event: 101.277 GC heap before
{Heap before GC invocations=90 (full 0):
 garbage-first heap   total 391168K, used 227569K [0x0000000080000000, 0x0000000100000000)
  region size 1024K, 84 young (86016K), 3 survivors (3072K)
 Metaspace       used 90376K, committed 91264K, reserved 557056K
  class space    used 11882K, committed 12288K, reserved 425984K
}
Event: 101.290 GC heap after
{Heap after GC invocations=91 (full 0):
 garbage-first heap   total 391168K, used 149753K [0x0000000080000000, 0x0000000100000000)
  region size 1024K, 8 young (8192K), 8 survivors (8192K)
 Metaspace       used 90376K, committed 91264K, reserved 557056K
  class space    used 11882K, committed 12288K, reserved 425984K
}
Event: 101.618 GC heap before
{Heap before GC invocations=91 (full 0):
 garbage-first heap   total 391168K, used 159993K [0x0000000080000000, 0x0000000100000000)
  region size 1024K, 19 young (19456K), 8 survivors (8192K)
 Metaspace       used 91673K, committed 92544K, reserved 557056K
  class space    used 12013K, committed 12416K, reserved 425984K
}
Event: 101.627 GC heap after
{Heap after GC invocations=92 (full 0):
 garbage-first heap   total 391168K, used 110999K [0x0000000080000000, 0x0000000100000000)
  region size 1024K, 2 young (2048K), 2 survivors (2048K)
 Metaspace       used 91673K, committed 92544K, reserved 557056K
  class space    used 12013K, committed 12416K, reserved 425984K
}
Event: 102.206 GC heap before
{Heap before GC invocations=92 (full 0):
 garbage-first heap   total 391168K, used 128407K [0x0000000080000000, 0x0000000100000000)
  region size 1024K, 19 young (19456K), 2 survivors (2048K)
 Metaspace       used 93033K, committed 93888K, reserved 557056K
  class space    used 12212K, committed 12608K, reserved 425984K
}
Event: 102.211 GC heap after
{Heap after GC invocations=93 (full 0):
 garbage-first heap   total 391168K, used 100122K [0x0000000080000000, 0x0000000100000000)
  region size 1024K, 3 young (3072K), 3 survivors (3072K)
 Metaspace       used 93033K, committed 93888K, reserved 557056K
  class space    used 12212K, committed 12608K, reserved 425984K
}
Event: 108.383 GC heap before
{Heap before GC invocations=93 (full 0):
 garbage-first heap   total 391168K, used 298778K [0x0000000080000000, 0x0000000100000000)
  region size 1024K, 197 young (201728K), 3 survivors (3072K)
 Metaspace       used 113375K, committed 114304K, reserved 557056K
  class space    used 14416K, committed 14848K, reserved 425984K
}
Event: 108.411 GC heap after
{Heap after GC invocations=94 (full 0):
 garbage-first heap   total 391168K, used 120301K [0x0000000080000000, 0x0000000100000000)
  region size 1024K, 23 young (23552K), 23 survivors (23552K)
 Metaspace       used 113375K, committed 114304K, reserved 557056K
  class space    used 14416K, committed 14848K, reserved 425984K
}
Event: 124.443 GC heap before
{Heap before GC invocations=95 (full 0):
 garbage-first heap   total 391168K, used 310765K [0x0000000080000000, 0x0000000100000000)
  region size 1024K, 201 young (205824K), 23 survivors (23552K)
 Metaspace       used 129624K, committed 130624K, reserved 557056K
  class space    used 16566K, committed 17024K, reserved 425984K
}
Event: 124.474 GC heap after
{Heap after GC invocations=96 (full 0):
 garbage-first heap   total 391168K, used 136772K [0x0000000080000000, 0x0000000100000000)
  region size 1024K, 9 young (9216K), 9 survivors (9216K)
 Metaspace       used 129624K, committed 130624K, reserved 557056K
  class space    used 16566K, committed 17024K, reserved 425984K
}
Event: 124.586 GC heap before
{Heap before GC invocations=96 (full 0):
 garbage-first heap   total 391168K, used 147012K [0x0000000080000000, 0x0000000100000000)
  region size 1024K, 19 young (19456K), 9 survivors (9216K)
 Metaspace       used 129649K, committed 130624K, reserved 557056K
  class space    used 16569K, committed 17024K, reserved 425984K
}
Event: 124.598 GC heap after
{Heap after GC invocations=97 (full 0):
 garbage-first heap   total 391168K, used 134203K [0x0000000080000000, 0x0000000100000000)
  region size 1024K, 2 young (2048K), 2 survivors (2048K)
 Metaspace       used 129649K, committed 130624K, reserved 557056K
  class space    used 16569K, committed 17024K, reserved 425984K
}
Event: 125.397 GC heap before
{Heap before GC invocations=97 (full 0):
 garbage-first heap   total 391168K, used 311355K [0x0000000080000000, 0x0000000100000000)
  region size 1024K, 175 young (179200K), 2 survivors (2048K)
 Metaspace       used 129672K, committed 130624K, reserved 557056K
  class space    used 16573K, committed 17024K, reserved 425984K
}
Event: 125.401 GC heap after
{Heap after GC invocations=98 (full 0):
 garbage-first heap   total 391168K, used 135264K [0x0000000080000000, 0x0000000100000000)
  region size 1024K, 3 young (3072K), 3 survivors (3072K)
 Metaspace       used 129672K, committed 130624K, reserved 557056K
  class space    used 16573K, committed 17024K, reserved 425984K
}
Event: 126.116 GC heap before
{Heap before GC invocations=98 (full 0):
 garbage-first heap   total 391168K, used 316512K [0x0000000080000000, 0x0000000100000000)
  region size 1024K, 180 young (184320K), 3 survivors (3072K)
 Metaspace       used 129672K, committed 130624K, reserved 557056K
  class space    used 16573K, committed 17024K, reserved 425984K
}
Event: 126.121 GC heap after
{Heap after GC invocations=99 (full 0):
 garbage-first heap   total 391168K, used 137781K [0x0000000080000000, 0x0000000100000000)
  region size 1024K, 6 young (6144K), 6 survivors (6144K)
 Metaspace       used 129672K, committed 130624K, reserved 557056K
  class space    used 16573K, committed 17024K, reserved 425984K
}
Event: 126.770 GC heap before
{Heap before GC invocations=99 (full 0):
 garbage-first heap   total 391168K, used 321077K [0x0000000080000000, 0x0000000100000000)
  region size 1024K, 185 young (189440K), 6 survivors (6144K)
 Metaspace       used 129672K, committed 130624K, reserved 557056K
  class space    used 16573K, committed 17024K, reserved 425984K
}
Event: 126.776 GC heap after
{Heap after GC invocations=100 (full 0):
 garbage-first heap   total 391168K, used 140498K [0x0000000080000000, 0x0000000100000000)
  region size 1024K, 8 young (8192K), 8 survivors (8192K)
 Metaspace       used 129672K, committed 130624K, reserved 557056K
  class space    used 16573K, committed 17024K, reserved 425984K
}
Event: 128.453 GC heap before
{Heap before GC invocations=100 (full 0):
 garbage-first heap   total 391168K, used 334034K [0x0000000080000000, 0x0000000100000000)
  region size 1024K, 189 young (193536K), 8 survivors (8192K)
 Metaspace       used 131347K, committed 132288K, reserved 557056K
  class space    used 16777K, committed 17216K, reserved 425984K
}
Event: 128.461 GC heap after
{Heap after GC invocations=101 (full 0):
 garbage-first heap   total 391168K, used 133301K [0x0000000080000000, 0x0000000100000000)
  region size 1024K, 9 young (9216K), 9 survivors (9216K)
 Metaspace       used 131347K, committed 132288K, reserved 557056K
  class space    used 16777K, committed 17216K, reserved 425984K
}

