# JRE version: OpenJDK Runtime Environment Microsoft-13877129 (17.0.19+10) (build 17.0.19+10-LTS)
# Java VM: OpenJDK 64-Bit Server VM Microsoft-13877129 (17.0.19+10-LTS, mixed mode, sharing, tiered, compressed oops, compressed class ptrs, g1 gc, windows-amd64)
GC Precious Log:
 CPUs: 8 total, 8 available
 Memory: 7998M
 Large Page Support: Disabled
 NUMA Support: Disabled
 Compressed Oops: Enabled (32-bit)
 Heap Region Size: 1M
 Heap Min Capacity: 8M
 Heap Initial Capacity: 126M
 Heap Max Capacity: 2G
 Pre-touch: Disabled
 Parallel Workers: 8
 Concurrent Workers: 2
 Concurrent Refinement Workers: 8
 Periodic GC: Disabled
Heap:
 garbage-first heap   total 150528K, used 73352K [0x0000000080000000, 0x0000000100000000)
  region size 1024K, 5 young (5120K), 5 survivors (5120K)
 Metaspace       used 51145K, committed 51968K, reserved 491520K
  class space    used 7043K, committed 7424K, reserved 425984K
GC Heap History (20 events):
Event: 30.974 GC heap after
{Heap after GC invocations=24 (full 0):
 garbage-first heap   total 107520K, used 55288K [0x0000000080000000, 0x0000000100000000)
  region size 1024K, 5 young (5120K), 5 survivors (5120K)
 Metaspace       used 46726K, committed 47360K, reserved 491520K
  class space    used 6426K, committed 6720K, reserved 425984K
}
Event: 55.264 GC heap before
{Heap before GC invocations=25 (full 0):
 garbage-first heap   total 107520K, used 88056K [0x0000000080000000, 0x0000000100000000)
  region size 1024K, 38 young (38912K), 5 survivors (5120K)
 Metaspace       used 48785K, committed 49600K, reserved 491520K
  class space    used 6724K, committed 7104K, reserved 425984K
}
Event: 55.283 GC heap after
{Heap after GC invocations=26 (full 0):
 garbage-first heap   total 107520K, used 58601K [0x0000000080000000, 0x0000000100000000)
  region size 1024K, 5 young (5120K), 5 survivors (5120K)
 Metaspace       used 48785K, committed 49600K, reserved 491520K
  class space    used 6724K, committed 7104K, reserved 425984K
}
Event: 55.446 GC heap before
{Heap before GC invocations=26 (full 0):
 garbage-first heap   total 107520K, used 59625K [0x0000000080000000, 0x0000000100000000)
  region size 1024K, 6 young (6144K), 5 survivors (5120K)
 Metaspace       used 48825K, committed 49600K, reserved 491520K
  class space    used 6731K, committed 7104K, reserved 425984K
}
Event: 55.456 GC heap after
{Heap after GC invocations=27 (full 0):
 garbage-first heap   total 107520K, used 59523K [0x0000000080000000, 0x0000000100000000)
  region size 1024K, 1 young (1024K), 1 survivors (1024K)
 Metaspace       used 48825K, committed 49600K, reserved 491520K
  class space    used 6731K, committed 7104K, reserved 425984K
}
Event: 57.137 GC heap before
{Heap before GC invocations=27 (full 0):
 garbage-first heap   total 107520K, used 88195K [0x0000000080000000, 0x0000000100000000)
  region size 1024K, 29 young (29696K), 1 survivors (1024K)
 Metaspace       used 50196K, committed 51008K, reserved 491520K
  class space    used 6936K, committed 7296K, reserved 425984K
}
Event: 57.146 GC heap after
{Heap after GC invocations=28 (full 0):
 garbage-first heap   total 107520K, used 59841K [0x0000000080000000, 0x0000000100000000)
  region size 1024K, 2 young (2048K), 2 survivors (2048K)
 Metaspace       used 50196K, committed 51008K, reserved 491520K
  class space    used 6936K, committed 7296K, reserved 425984K
}
Event: 57.889 GC heap before
{Heap before GC invocations=29 (full 0):
 garbage-first heap   total 107520K, used 87489K [0x0000000080000000, 0x0000000100000000)
  region size 1024K, 30 young (30720K), 2 survivors (2048K)
 Metaspace       used 50810K, committed 51584K, reserved 491520K
  class space    used 7009K, committed 7360K, reserved 425984K
}
Event: 57.901 GC heap after
{Heap after GC invocations=30 (full 0):
 garbage-first heap   total 107520K, used 61567K [0x0000000080000000, 0x0000000100000000)
  region size 1024K, 3 young (3072K), 3 survivors (3072K)
 Metaspace       used 50810K, committed 51584K, reserved 491520K
  class space    used 7009K, committed 7360K, reserved 425984K
}
Event: 57.929 GC heap before
{Heap before GC invocations=30 (full 0):
 garbage-first heap   total 107520K, used 63615K [0x0000000080000000, 0x0000000100000000)
  region size 1024K, 5 young (5120K), 3 survivors (3072K)
 Metaspace       used 50810K, committed 51584K, reserved 491520K
  class space    used 7009K, committed 7360K, reserved 425984K
}
Event: 57.939 GC heap after
{Heap after GC invocations=31 (full 0):
 garbage-first heap   total 150528K, used 61463K [0x0000000080000000, 0x0000000100000000)
  region size 1024K, 1 young (1024K), 1 survivors (1024K)
 Metaspace       used 50810K, committed 51584K, reserved 491520K
  class space    used 7009K, committed 7360K, reserved 425984K
}
Event: 58.299 GC heap before
{Heap before GC invocations=31 (full 0):
 garbage-first heap   total 150528K, used 122903K [0x0000000080000000, 0x0000000100000000)
  region size 1024K, 61 young (62464K), 1 survivors (1024K)
 Metaspace       used 51037K, committed 51840K, reserved 491520K
  class space    used 7037K, committed 7424K, reserved 425984K
}
Event: 58.301 GC heap after
{Heap after GC invocations=32 (full 0):
 garbage-first heap   total 150528K, used 63943K [0x0000000080000000, 0x0000000100000000)
  region size 1024K, 4 young (4096K), 4 survivors (4096K)
 Metaspace       used 51037K, committed 51840K, reserved 491520K
  class space    used 7037K, committed 7424K, reserved 425984K
}
Event: 58.537 GC heap before
{Heap before GC invocations=32 (full 0):
 garbage-first heap   total 150528K, used 123335K [0x0000000080000000, 0x0000000100000000)
  region size 1024K, 62 young (63488K), 4 survivors (4096K)
 Metaspace       used 51083K, committed 51904K, reserved 491520K
  class space    used 7042K, committed 7424K, reserved 425984K
}
Event: 58.541 GC heap after
{Heap after GC invocations=33 (full 0):
 garbage-first heap   total 150528K, used 66970K [0x0000000080000000, 0x0000000100000000)
  region size 1024K, 6 young (6144K), 6 survivors (6144K)
 Metaspace       used 51083K, committed 51904K, reserved 491520K
  class space    used 7042K, committed 7424K, reserved 425984K
}
Event: 58.854 GC heap before
{Heap before GC invocations=33 (full 0):
 garbage-first heap   total 150528K, used 123290K [0x0000000080000000, 0x0000000100000000)
  region size 1024K, 62 young (63488K), 6 survivors (6144K)
 Metaspace       used 51142K, committed 51968K, reserved 491520K
  class space    used 7043K, committed 7424K, reserved 425984K
}
Event: 58.859 GC heap after
{Heap after GC invocations=34 (full 0):
 garbage-first heap   total 150528K, used 68928K [0x0000000080000000, 0x0000000100000000)
  region size 1024K, 6 young (6144K), 6 survivors (6144K)
 Metaspace       used 51142K, committed 51968K, reserved 491520K
  class space    used 7043K, committed 7424K, reserved 425984K
}
Event: 59.148 GC heap before
{Heap before GC invocations=34 (full 0):
 garbage-first heap   total 150528K, used 125248K [0x0000000080000000, 0x0000000100000000)
  region size 1024K, 61 young (62464K), 6 survivors (6144K)
 Metaspace       used 51145K, committed 51968K, reserved 491520K
  class space    used 7043K, committed 7424K, reserved 425984K
}
Event: 59.152 GC heap after
{Heap after GC invocations=35 (full 0):
 garbage-first heap   total 150528K, used 71071K [0x0000000080000000, 0x0000000100000000)
  region size 1024K, 6 young (6144K), 6 survivors (6144K)
 Metaspace       used 51145K, committed 51968K, reserved 491520K
  class space    used 7043K, committed 7424K, reserved 425984K
}
Event: 59.436 GC heap before
{Heap before GC invocations=35 (full 0):
 garbage-first heap   total 150528K, used 125343K [0x0000000080000000, 0x0000000100000000)
  region size 1024K, 59 young (60416K), 6 survivors (6144K)
 Metaspace       used 51145K, committed 51968K, reserved 491520K
  class space    used 7043K, committed 7424K, reserved 425984K
}

