# JRE version: OpenJDK Runtime Environment Temurin-21.0.11+10 (21.0.11+10) (build 21.0.11+10-LTS)
# Java VM: OpenJDK 64-Bit Server VM Temurin-21.0.11+10 (21.0.11+10-LTS, mixed mode, sharing, tiered, compressed oops, compressed class ptrs, parallel gc, windows-amd64)
GC Precious Log:
 CardTable entry size: 512
 CPUs: 8 total, 8 available
 Memory: 7998M
 Large Page Support: Disabled
 NUMA Support: Disabled
 Compressed Oops: Enabled (32-bit)
 Alignments: Space 512K, Generation 512K, Heap 2M
 Heap Min Capacity: 100M
 Heap Initial Capacity: 100M
 Heap Max Capacity: 2G
 Pre-touch: Disabled
 Parallel Workers: 8
Heap:
 PSYoungGen      total 21504K, used 10656K [0x00000000d5580000, 0x00000000d7100000, 0x0000000100000000)
  eden space 20992K, 48% used [0x00000000d5580000,0x00000000d5f6c328,0x00000000d6a00000)
  from space 512K, 96% used [0x00000000d7080000,0x00000000d70fc020,0x00000000d7100000)
  to   space 1024K, 0% used [0x00000000d6f00000,0x00000000d6f00000,0x00000000d7000000)
 ParOldGen       total 68608K, used 41009K [0x0000000080000000, 0x0000000084300000, 0x00000000d5580000)
  object space 68608K, 59% used [0x0000000080000000,0x000000008280c500,0x0000000084300000)
 Metaspace       used 68777K, committed 70080K, reserved 1114112K
  class space    used 8570K, committed 9152K, reserved 1048576K
GC Heap History (20 events):
Event: 73.064 GC heap before
{Heap before GC invocations=40 (full 3):
 PSYoungGen      total 22016K, used 21693K [0x00000000d5580000, 0x00000000d7380000, 0x0000000100000000)
  eden space 20992K, 100% used [0x00000000d5580000,0x00000000d6a00000,0x00000000d6a00000)
  from space 1024K, 68% used [0x00000000d7280000,0x00000000d732f780,0x00000000d7380000)
  to   space 1024K, 0% used [0x00000000d7180000,0x00000000d7180000,0x00000000d7280000)
 ParOldGen       total 68608K, used 39168K [0x0000000080000000, 0x0000000084300000, 0x00000000d5580000)
  object space 68608K, 57% used [0x0000000080000000,0x0000000082640078,0x0000000084300000)
 Metaspace       used 65359K, committed 66688K, reserved 1114112K
  class space    used 8101K, committed 8704K, reserved 1048576K
}
Event: 73.066 GC heap after
{Heap after GC invocations=40 (full 3):
 PSYoungGen      total 21504K, used 416K [0x00000000d5580000, 0x00000000d7300000, 0x0000000100000000)
  eden space 20992K, 0% used [0x00000000d5580000,0x00000000d5580000,0x00000000d6a00000)
  from space 512K, 81% used [0x00000000d7180000,0x00000000d71e8000,0x00000000d7200000)
  to   space 1024K, 0% used [0x00000000d7200000,0x00000000d7200000,0x00000000d7300000)
 ParOldGen       total 68608K, used 39328K [0x0000000080000000, 0x0000000084300000, 0x00000000d5580000)
  object space 68608K, 57% used [0x0000000080000000,0x0000000082668078,0x0000000084300000)
 Metaspace       used 65359K, committed 66688K, reserved 1114112K
  class space    used 8101K, committed 8704K, reserved 1048576K
}
Event: 73.379 GC heap before
{Heap before GC invocations=41 (full 3):
 PSYoungGen      total 21504K, used 21408K [0x00000000d5580000, 0x00000000d7300000, 0x0000000100000000)
  eden space 20992K, 100% used [0x00000000d5580000,0x00000000d6a00000,0x00000000d6a00000)
  from space 512K, 81% used [0x00000000d7180000,0x00000000d71e8000,0x00000000d7200000)
  to   space 1024K, 0% used [0x00000000d7200000,0x00000000d7200000,0x00000000d7300000)
 ParOldGen       total 68608K, used 39328K [0x0000000080000000, 0x0000000084300000, 0x00000000d5580000)
  object space 68608K, 57% used [0x0000000080000000,0x0000000082668078,0x0000000084300000)
 Metaspace       used 65400K, committed 66688K, reserved 1114112K
  class space    used 8106K, committed 8704K, reserved 1048576K
}
Event: 73.381 GC heap after
{Heap after GC invocations=41 (full 3):
 PSYoungGen      total 22016K, used 796K [0x00000000d5580000, 0x00000000d7300000, 0x0000000100000000)
  eden space 20992K, 0% used [0x00000000d5580000,0x00000000d5580000,0x00000000d6a00000)
  from space 1024K, 77% used [0x00000000d7200000,0x00000000d72c7168,0x00000000d7300000)
  to   space 1024K, 0% used [0x00000000d7100000,0x00000000d7100000,0x00000000d7200000)
 ParOldGen       total 68608K, used 39610K [0x0000000080000000, 0x0000000084300000, 0x00000000d5580000)
  object space 68608K, 57% used [0x0000000080000000,0x00000000826aebf8,0x0000000084300000)
 Metaspace       used 65400K, committed 66688K, reserved 1114112K
  class space    used 8106K, committed 8704K, reserved 1048576K
}
Event: 73.709 GC heap before
{Heap before GC invocations=42 (full 3):
 PSYoungGen      total 22016K, used 21788K [0x00000000d5580000, 0x00000000d7300000, 0x0000000100000000)
  eden space 20992K, 100% used [0x00000000d5580000,0x00000000d6a00000,0x00000000d6a00000)
  from space 1024K, 77% used [0x00000000d7200000,0x00000000d72c7168,0x00000000d7300000)
  to   space 1024K, 0% used [0x00000000d7100000,0x00000000d7100000,0x00000000d7200000)
 ParOldGen       total 68608K, used 39610K [0x0000000080000000, 0x0000000084300000, 0x00000000d5580000)
  object space 68608K, 57% used [0x0000000080000000,0x00000000826aebf8,0x0000000084300000)
 Metaspace       used 65400K, committed 66688K, reserved 1114112K
  class space    used 8106K, committed 8704K, reserved 1048576K
}
Event: 73.710 GC heap after
{Heap after GC invocations=42 (full 3):
 PSYoungGen      total 22016K, used 1003K [0x00000000d5580000, 0x00000000d7280000, 0x0000000100000000)
  eden space 20992K, 0% used [0x00000000d5580000,0x00000000d5580000,0x00000000d6a00000)
  from space 1024K, 97% used [0x00000000d7100000,0x00000000d71fac70,0x00000000d7200000)
  to   space 512K, 0% used [0x00000000d7200000,0x00000000d7200000,0x00000000d7280000)
 ParOldGen       total 68608K, used 39817K [0x0000000080000000, 0x0000000084300000, 0x00000000d5580000)
  object space 68608K, 58% used [0x0000000080000000,0x00000000826e2510,0x0000000084300000)
 Metaspace       used 65400K, committed 66688K, reserved 1114112K
  class space    used 8106K, committed 8704K, reserved 1048576K
}
Event: 74.022 GC heap before
{Heap before GC invocations=43 (full 3):
 PSYoungGen      total 22016K, used 21995K [0x00000000d5580000, 0x00000000d7280000, 0x0000000100000000)
  eden space 20992K, 100% used [0x00000000d5580000,0x00000000d6a00000,0x00000000d6a00000)
  from space 1024K, 97% used [0x00000000d7100000,0x00000000d71fac70,0x00000000d7200000)
  to   space 512K, 0% used [0x00000000d7200000,0x00000000d7200000,0x00000000d7280000)
 ParOldGen       total 68608K, used 39817K [0x0000000080000000, 0x0000000084300000, 0x00000000d5580000)
  object space 68608K, 58% used [0x0000000080000000,0x00000000826e2510,0x0000000084300000)
 Metaspace       used 65400K, committed 66688K, reserved 1114112K
  class space    used 8106K, committed 8704K, reserved 1048576K
}
Event: 74.024 GC heap after
{Heap after GC invocations=43 (full 3):
 PSYoungGen      total 21504K, used 504K [0x00000000d5580000, 0x00000000d7280000, 0x0000000100000000)
  eden space 20992K, 0% used [0x00000000d5580000,0x00000000d5580000,0x00000000d6a00000)
  from space 512K, 98% used [0x00000000d7200000,0x00000000d727e0d0,0x00000000d7280000)
  to   space 1536K, 0% used [0x00000000d6f80000,0x00000000d6f80000,0x00000000d7100000)
 ParOldGen       total 68608K, used 40569K [0x0000000080000000, 0x0000000084300000, 0x00000000d5580000)
  object space 68608K, 59% used [0x0000000080000000,0x000000008279e7e0,0x0000000084300000)
 Metaspace       used 65400K, committed 66688K, reserved 1114112K
  class space    used 8106K, committed 8704K, reserved 1048576K
}
Event: 74.305 GC heap before
{Heap before GC invocations=44 (full 3):
 PSYoungGen      total 21504K, used 21496K [0x00000000d5580000, 0x00000000d7280000, 0x0000000100000000)
  eden space 20992K, 100% used [0x00000000d5580000,0x00000000d6a00000,0x00000000d6a00000)
  from space 512K, 98% used [0x00000000d7200000,0x00000000d727e0d0,0x00000000d7280000)
  to   space 1536K, 0% used [0x00000000d6f80000,0x00000000d6f80000,0x00000000d7100000)
 ParOldGen       total 68608K, used 40569K [0x0000000080000000, 0x0000000084300000, 0x00000000d5580000)
  object space 68608K, 59% used [0x0000000080000000,0x000000008279e7e0,0x0000000084300000)
 Metaspace       used 65400K, committed 66688K, reserved 1114112K
  class space    used 8106K, committed 8704K, reserved 1048576K
}
Event: 74.307 GC heap after
{Heap after GC invocations=44 (full 3):
 PSYoungGen      total 22528K, used 1402K [0x00000000d5580000, 0x00000000d7280000, 0x0000000100000000)
  eden space 20992K, 0% used [0x00000000d5580000,0x00000000d5580000,0x00000000d6a00000)
  from space 1536K, 91% used [0x00000000d6f80000,0x00000000d70dea98,0x00000000d7100000)
  to   space 1536K, 0% used [0x00000000d7100000,0x00000000d7100000,0x00000000d7280000)
 ParOldGen       total 68608K, used 40601K [0x0000000080000000, 0x0000000084300000, 0x00000000d5580000)
  object space 68608K, 59% used [0x0000000080000000,0x00000000827a67e0,0x0000000084300000)
 Metaspace       used 65400K, committed 66688K, reserved 1114112K
  class space    used 8106K, committed 8704K, reserved 1048576K
}
Event: 74.621 GC heap before
{Heap before GC invocations=45 (full 3):
 PSYoungGen      total 22528K, used 22394K [0x00000000d5580000, 0x00000000d7280000, 0x0000000100000000)
  eden space 20992K, 100% used [0x00000000d5580000,0x00000000d6a00000,0x00000000d6a00000)
  from space 1536K, 91% used [0x00000000d6f80000,0x00000000d70dea98,0x00000000d7100000)
  to   space 1536K, 0% used [0x00000000d7100000,0x00000000d7100000,0x00000000d7280000)
 ParOldGen       total 68608K, used 40601K [0x0000000080000000, 0x0000000084300000, 0x00000000d5580000)
  object space 68608K, 59% used [0x0000000080000000,0x00000000827a67e0,0x0000000084300000)
 Metaspace       used 65400K, committed 66688K, reserved 1114112K
  class space    used 8106K, committed 8704K, reserved 1048576K
}
Event: 74.623 GC heap after
{Heap after GC invocations=45 (full 3):
 PSYoungGen      total 22016K, used 821K [0x00000000d5580000, 0x00000000d7200000, 0x0000000100000000)
  eden space 20992K, 0% used [0x00000000d5580000,0x00000000d5580000,0x00000000d6a00000)
  from space 1024K, 80% used [0x00000000d7100000,0x00000000d71cd520,0x00000000d7200000)
  to   space 1536K, 0% used [0x00000000d6f00000,0x00000000d6f00000,0x00000000d7080000)
 ParOldGen       total 68608K, used 40681K [0x0000000080000000, 0x0000000084300000, 0x00000000d5580000)
  object space 68608K, 59% used [0x0000000080000000,0x00000000827ba7e0,0x0000000084300000)
 Metaspace       used 65400K, committed 66688K, reserved 1114112K
  class space    used 8106K, committed 8704K, reserved 1048576K
}
Event: 74.904 GC heap before
{Heap before GC invocations=46 (full 3):
 PSYoungGen      total 22016K, used 21813K [0x00000000d5580000, 0x00000000d7200000, 0x0000000100000000)
  eden space 20992K, 100% used [0x00000000d5580000,0x00000000d6a00000,0x00000000d6a00000)
  from space 1024K, 80% used [0x00000000d7100000,0x00000000d71cd520,0x00000000d7200000)
  to   space 1536K, 0% used [0x00000000d6f00000,0x00000000d6f00000,0x00000000d7080000)
 ParOldGen       total 68608K, used 40681K [0x0000000080000000, 0x0000000084300000, 0x00000000d5580000)
  object space 68608K, 59% used [0x0000000080000000,0x00000000827ba7e0,0x0000000084300000)
 Metaspace       used 65400K, committed 66688K, reserved 1114112K
  class space    used 8106K, committed 8704K, reserved 1048576K
}
Event: 74.905 GC heap after
{Heap after GC invocations=46 (full 3):
 PSYoungGen      total 22528K, used 738K [0x00000000d5580000, 0x00000000d7180000, 0x0000000100000000)
  eden space 20992K, 0% used [0x00000000d5580000,0x00000000d5580000,0x00000000d6a00000)
  from space 1536K, 48% used [0x00000000d6f00000,0x00000000d6fb8820,0x00000000d7080000)
  to   space 1024K, 0% used [0x00000000d7080000,0x00000000d7080000,0x00000000d7180000)
 ParOldGen       total 68608K, used 40721K [0x0000000080000000, 0x0000000084300000, 0x00000000d5580000)
  object space 68608K, 59% used [0x0000000080000000,0x00000000827c47e0,0x0000000084300000)
 Metaspace       used 65400K, committed 66688K, reserved 1114112K
  class space    used 8106K, committed 8704K, reserved 1048576K
}
Event: 75.152 GC heap before
{Heap before GC invocations=47 (full 3):
 PSYoungGen      total 22528K, used 21730K [0x00000000d5580000, 0x00000000d7180000, 0x0000000100000000)
  eden space 20992K, 100% used [0x00000000d5580000,0x00000000d6a00000,0x00000000d6a00000)
  from space 1536K, 48% used [0x00000000d6f00000,0x00000000d6fb8820,0x00000000d7080000)
  to   space 1024K, 0% used [0x00000000d7080000,0x00000000d7080000,0x00000000d7180000)
 ParOldGen       total 68608K, used 40721K [0x0000000080000000, 0x0000000084300000, 0x00000000d5580000)
  object space 68608K, 59% used [0x0000000080000000,0x00000000827c47e0,0x0000000084300000)
 Metaspace       used 65400K, committed 66688K, reserved 1114112K
  class space    used 8106K, committed 8704K, reserved 1048576K
}
Event: 75.153 GC heap after
{Heap after GC invocations=47 (full 3):
 PSYoungGen      total 21504K, used 288K [0x00000000d5580000, 0x00000000d7100000, 0x0000000100000000)
  eden space 20992K, 0% used [0x00000000d5580000,0x00000000d5580000,0x00000000d6a00000)
  from space 512K, 56% used [0x00000000d7080000,0x00000000d70c8000,0x00000000d7100000)
  to   space 512K, 0% used [0x00000000d7000000,0x00000000d7000000,0x00000000d7080000)
 ParOldGen       total 68608K, used 40745K [0x0000000080000000, 0x0000000084300000, 0x00000000d5580000)
  object space 68608K, 59% used [0x0000000080000000,0x00000000827ca7e0,0x0000000084300000)
 Metaspace       used 65400K, committed 66688K, reserved 1114112K
  class space    used 8106K, committed 8704K, reserved 1048576K
}
Event: 75.475 GC heap before
{Heap before GC invocations=48 (full 3):
 PSYoungGen      total 21504K, used 21280K [0x00000000d5580000, 0x00000000d7100000, 0x0000000100000000)
  eden space 20992K, 100% used [0x00000000d5580000,0x00000000d6a00000,0x00000000d6a00000)
  from space 512K, 56% used [0x00000000d7080000,0x00000000d70c8000,0x00000000d7100000)
  to   space 512K, 0% used [0x00000000d7000000,0x00000000d7000000,0x00000000d7080000)
 ParOldGen       total 68608K, used 40745K [0x0000000080000000, 0x0000000084300000, 0x00000000d5580000)
  object space 68608K, 59% used [0x0000000080000000,0x00000000827ca7e0,0x0000000084300000)
 Metaspace       used 65658K, committed 66880K, reserved 1114112K
  class space    used 8139K, committed 8704K, reserved 1048576K
}
Event: 75.476 GC heap after
{Heap after GC invocations=48 (full 3):
 PSYoungGen      total 21504K, used 288K [0x00000000d5580000, 0x00000000d7100000, 0x0000000100000000)
  eden space 20992K, 0% used [0x00000000d5580000,0x00000000d5580000,0x00000000d6a00000)
  from space 512K, 56% used [0x00000000d7000000,0x00000000d7048000,0x00000000d7080000)
  to   space 512K, 0% used [0x00000000d7080000,0x00000000d7080000,0x00000000d7100000)
 ParOldGen       total 68608K, used 40761K [0x0000000080000000, 0x0000000084300000, 0x00000000d5580000)
  object space 68608K, 59% used [0x0000000080000000,0x00000000827ce7e0,0x0000000084300000)
 Metaspace       used 65658K, committed 66880K, reserved 1114112K
  class space    used 8139K, committed 8704K, reserved 1048576K
}
Event: 77.358 GC heap before
{Heap before GC invocations=49 (full 3):
 PSYoungGen      total 21504K, used 21280K [0x00000000d5580000, 0x00000000d7100000, 0x0000000100000000)
  eden space 20992K, 100% used [0x00000000d5580000,0x00000000d6a00000,0x00000000d6a00000)
  from space 512K, 56% used [0x00000000d7000000,0x00000000d7048000,0x00000000d7080000)
  to   space 512K, 0% used [0x00000000d7080000,0x00000000d7080000,0x00000000d7100000)
 ParOldGen       total 68608K, used 40761K [0x0000000080000000, 0x0000000084300000, 0x00000000d5580000)
  object space 68608K, 59% used [0x0000000080000000,0x00000000827ce7e0,0x0000000084300000)
 Metaspace       used 68310K, committed 69568K, reserved 1114112K
  class space    used 8512K, committed 9088K, reserved 1048576K
}
Event: 77.361 GC heap after
{Heap after GC invocations=49 (full 3):
 PSYoungGen      total 21504K, used 496K [0x00000000d5580000, 0x00000000d7100000, 0x0000000100000000)
  eden space 20992K, 0% used [0x00000000d5580000,0x00000000d5580000,0x00000000d6a00000)
  from space 512K, 96% used [0x00000000d7080000,0x00000000d70fc020,0x00000000d7100000)
  to   space 1024K, 0% used [0x00000000d6f00000,0x00000000d6f00000,0x00000000d7000000)
 ParOldGen       total 68608K, used 41009K [0x0000000080000000, 0x0000000084300000, 0x00000000d5580000)
  object space 68608K, 59% used [0x0000000080000000,0x000000008280c500,0x0000000084300000)
 Metaspace       used 68310K, committed 69568K, reserved 1114112K
  class space    used 8512K, committed 9088K, reserved 1048576K
}

