# JRE version: OpenJDK Runtime Environment Temurin-21.0.11+10 (21.0.11+10) (build 21.0.11+10-LTS)
# Java VM: OpenJDK 64-Bit Server VM Temurin-21.0.11+10 (21.0.11+10-LTS, mixed mode, sharing, tiered, compressed oops, compressed class ptrs, parallel gc, windows-amd64)
GC Precious Log:
 CardTable entry size: 512
 CPUs: 8 total, 8 available
 Memory: 7998M
 Large Page Support: Disabled
 NUMA Support: Disabled
 Compressed Oops: Enabled (32-bit)
 Alignments: Space 512K, Generation 512K, Heap 2M
 Heap Min Capacity: 100M
 Heap Initial Capacity: 100M
 Heap Max Capacity: 2G
 Pre-touch: Disabled
 Parallel Workers: 8
Heap:
 PSYoungGen      total 13824K, used 908K [0x00000000d5580000, 0x00000000d6600000, 0x0000000100000000)
  eden space 13312K, 2% used [0x00000000d5580000,0x00000000d55e3058,0x00000000d6280000)
  from space 512K, 100% used [0x00000000d6580000,0x00000000d6600000,0x00000000d6600000)
  to   space 1536K, 0% used [0x00000000d6300000,0x00000000d6300000,0x00000000d6480000)
 ParOldGen       total 68608K, used 43875K [0x0000000080000000, 0x0000000084300000, 0x00000000d5580000)
  object space 68608K, 63% used [0x0000000080000000,0x0000000082ad8d90,0x0000000084300000)
 Metaspace       used 66314K, committed 67776K, reserved 1114112K
  class space    used 8316K, committed 8960K, reserved 1048576K
GC Heap History (20 events):
Event: 620.070 GC heap before
{Heap before GC invocations=66 (full 3):
 PSYoungGen      total 13824K, used 13536K [0x00000000d5580000, 0x00000000d6700000, 0x0000000100000000)
  eden space 13312K, 100% used [0x00000000d5580000,0x00000000d6280000,0x00000000d6280000)
  from space 512K, 43% used [0x00000000d6680000,0x00000000d66b8000,0x00000000d6700000)
  to   space 512K, 0% used [0x00000000d6600000,0x00000000d6600000,0x00000000d6680000)
 ParOldGen       total 68608K, used 39386K [0x0000000080000000, 0x0000000084300000, 0x00000000d5580000)
  object space 68608K, 57% used [0x0000000080000000,0x0000000082676b30,0x0000000084300000)
 Metaspace       used 64176K, committed 65472K, reserved 1114112K
  class space    used 8031K, committed 8640K, reserved 1048576K
}
Event: 620.072 GC heap after
{Heap after GC invocations=66 (full 3):
 PSYoungGen      total 13824K, used 256K [0x00000000d5580000, 0x00000000d6700000, 0x0000000100000000)
  eden space 13312K, 0% used [0x00000000d5580000,0x00000000d5580000,0x00000000d6280000)
  from space 512K, 50% used [0x00000000d6600000,0x00000000d6640010,0x00000000d6680000)
  to   space 512K, 0% used [0x00000000d6680000,0x00000000d6680000,0x00000000d6700000)
 ParOldGen       total 68608K, used 39410K [0x0000000080000000, 0x0000000084300000, 0x00000000d5580000)
  object space 68608K, 57% used [0x0000000080000000,0x000000008267cb30,0x0000000084300000)
 Metaspace       used 64176K, committed 65472K, reserved 1114112K
  class space    used 8031K, committed 8640K, reserved 1048576K
}
Event: 656.622 GC heap before
{Heap before GC invocations=67 (full 3):
 PSYoungGen      total 13824K, used 13568K [0x00000000d5580000, 0x00000000d6700000, 0x0000000100000000)
  eden space 13312K, 100% used [0x00000000d5580000,0x00000000d6280000,0x00000000d6280000)
  from space 512K, 50% used [0x00000000d6600000,0x00000000d6640010,0x00000000d6680000)
  to   space 512K, 0% used [0x00000000d6680000,0x00000000d6680000,0x00000000d6700000)
 ParOldGen       total 68608K, used 39410K [0x0000000080000000, 0x0000000084300000, 0x00000000d5580000)
  object space 68608K, 57% used [0x0000000080000000,0x000000008267cb30,0x0000000084300000)
 Metaspace       used 64193K, committed 65472K, reserved 1114112K
  class space    used 8031K, committed 8640K, reserved 1048576K
}
Event: 656.623 GC heap after
{Heap after GC invocations=67 (full 3):
 PSYoungGen      total 13824K, used 96K [0x00000000d5580000, 0x00000000d6700000, 0x0000000100000000)
  eden space 13312K, 0% used [0x00000000d5580000,0x00000000d5580000,0x00000000d6280000)
  from space 512K, 18% used [0x00000000d6680000,0x00000000d6698000,0x00000000d6700000)
  to   space 512K, 0% used [0x00000000d6600000,0x00000000d6600000,0x00000000d6680000)
 ParOldGen       total 68608K, used 39522K [0x0000000080000000, 0x0000000084300000, 0x00000000d5580000)
  object space 68608K, 57% used [0x0000000080000000,0x0000000082698b40,0x0000000084300000)
 Metaspace       used 64193K, committed 65472K, reserved 1114112K
  class space    used 8031K, committed 8640K, reserved 1048576K
}
Event: 659.336 GC heap before
{Heap before GC invocations=68 (full 3):
 PSYoungGen      total 13824K, used 13353K [0x00000000d5580000, 0x00000000d6700000, 0x0000000100000000)
  eden space 13312K, 99% used [0x00000000d5580000,0x00000000d62725a8,0x00000000d6280000)
  from space 512K, 18% used [0x00000000d6680000,0x00000000d6698000,0x00000000d6700000)
  to   space 512K, 0% used [0x00000000d6600000,0x00000000d6600000,0x00000000d6680000)
 ParOldGen       total 68608K, used 39522K [0x0000000080000000, 0x0000000084300000, 0x00000000d5580000)
  object space 68608K, 57% used [0x0000000080000000,0x0000000082698b40,0x0000000084300000)
 Metaspace       used 64290K, committed 65664K, reserved 1114112K
  class space    used 8041K, committed 8704K, reserved 1048576K
}
Event: 659.338 GC heap after
{Heap after GC invocations=68 (full 3):
 PSYoungGen      total 13824K, used 480K [0x00000000d5580000, 0x00000000d6700000, 0x0000000100000000)
  eden space 13312K, 0% used [0x00000000d5580000,0x00000000d5580000,0x00000000d6280000)
  from space 512K, 93% used [0x00000000d6600000,0x00000000d6678010,0x00000000d6680000)
  to   space 512K, 0% used [0x00000000d6680000,0x00000000d6680000,0x00000000d6700000)
 ParOldGen       total 68608K, used 39879K [0x0000000080000000, 0x0000000084300000, 0x00000000d5580000)
  object space 68608K, 58% used [0x0000000080000000,0x00000000826f1cb8,0x0000000084300000)
 Metaspace       used 64290K, committed 65664K, reserved 1114112K
  class space    used 8041K, committed 8704K, reserved 1048576K
}
Event: 661.094 GC heap before
{Heap before GC invocations=69 (full 3):
 PSYoungGen      total 13824K, used 13792K [0x00000000d5580000, 0x00000000d6700000, 0x0000000100000000)
  eden space 13312K, 100% used [0x00000000d5580000,0x00000000d6280000,0x00000000d6280000)
  from space 512K, 93% used [0x00000000d6600000,0x00000000d6678010,0x00000000d6680000)
  to   space 512K, 0% used [0x00000000d6680000,0x00000000d6680000,0x00000000d6700000)
 ParOldGen       total 68608K, used 39879K [0x0000000080000000, 0x0000000084300000, 0x00000000d5580000)
  object space 68608K, 58% used [0x0000000080000000,0x00000000826f1cb8,0x0000000084300000)
 Metaspace       used 64726K, committed 66112K, reserved 1114112K
  class space    used 8103K, committed 8768K, reserved 1048576K
}
Event: 661.098 GC heap after
{Heap after GC invocations=69 (full 3):
 PSYoungGen      total 13824K, used 512K [0x00000000d5580000, 0x00000000d6880000, 0x0000000100000000)
  eden space 13312K, 0% used [0x00000000d5580000,0x00000000d5580000,0x00000000d6280000)
  from space 512K, 100% used [0x00000000d6680000,0x00000000d6700000,0x00000000d6700000)
  to   space 3072K, 0% used [0x00000000d6280000,0x00000000d6280000,0x00000000d6580000)
 ParOldGen       total 68608K, used 42083K [0x0000000080000000, 0x0000000084300000, 0x00000000d5580000)
  object space 68608K, 61% used [0x0000000080000000,0x0000000082918e50,0x0000000084300000)
 Metaspace       used 64726K, committed 66112K, reserved 1114112K
  class space    used 8103K, committed 8768K, reserved 1048576K
}
Event: 686.661 GC heap before
{Heap before GC invocations=70 (full 3):
 PSYoungGen      total 13824K, used 13824K [0x00000000d5580000, 0x00000000d6880000, 0x0000000100000000)
  eden space 13312K, 100% used [0x00000000d5580000,0x00000000d6280000,0x00000000d6280000)
  from space 512K, 100% used [0x00000000d6680000,0x00000000d6700000,0x00000000d6700000)
  to   space 3072K, 0% used [0x00000000d6280000,0x00000000d6280000,0x00000000d6580000)
 ParOldGen       total 68608K, used 42083K [0x0000000080000000, 0x0000000084300000, 0x00000000d5580000)
  object space 68608K, 61% used [0x0000000080000000,0x0000000082918e50,0x0000000084300000)
 Metaspace       used 64981K, committed 66304K, reserved 1114112K
  class space    used 8139K, committed 8768K, reserved 1048576K
}
Event: 686.664 GC heap after
{Heap after GC invocations=70 (full 3):
 PSYoungGen      total 16384K, used 556K [0x00000000d5580000, 0x00000000d6700000, 0x0000000100000000)
  eden space 13312K, 0% used [0x00000000d5580000,0x00000000d5580000,0x00000000d6280000)
  from space 3072K, 18% used [0x00000000d6280000,0x00000000d630b0d8,0x00000000d6580000)
  to   space 1536K, 0% used [0x00000000d6580000,0x00000000d6580000,0x00000000d6700000)
 ParOldGen       total 68608K, used 42602K [0x0000000080000000, 0x0000000084300000, 0x00000000d5580000)
  object space 68608K, 62% used [0x0000000080000000,0x000000008299a9d8,0x0000000084300000)
 Metaspace       used 64981K, committed 66304K, reserved 1114112K
  class space    used 8139K, committed 8768K, reserved 1048576K
}
Event: 705.010 GC heap before
{Heap before GC invocations=71 (full 3):
 PSYoungGen      total 16384K, used 13847K [0x00000000d5580000, 0x00000000d6700000, 0x0000000100000000)
  eden space 13312K, 99% used [0x00000000d5580000,0x00000000d627aba8,0x00000000d6280000)
  from space 3072K, 18% used [0x00000000d6280000,0x00000000d630b0d8,0x00000000d6580000)
  to   space 1536K, 0% used [0x00000000d6580000,0x00000000d6580000,0x00000000d6700000)
 ParOldGen       total 68608K, used 42602K [0x0000000080000000, 0x0000000084300000, 0x00000000d5580000)
  object space 68608K, 62% used [0x0000000080000000,0x000000008299a9d8,0x0000000084300000)
 Metaspace       used 64981K, committed 66304K, reserved 1114112K
  class space    used 8139K, committed 8768K, reserved 1048576K
}
Event: 705.012 GC heap after
{Heap after GC invocations=71 (full 3):
 PSYoungGen      total 14336K, used 617K [0x00000000d5580000, 0x00000000d6680000, 0x0000000100000000)
  eden space 13312K, 0% used [0x00000000d5580000,0x00000000d5580000,0x00000000d6280000)
  from space 1024K, 60% used [0x00000000d6580000,0x00000000d661a640,0x00000000d6680000)
  to   space 1024K, 0% used [0x00000000d6480000,0x00000000d6480000,0x00000000d6580000)
 ParOldGen       total 68608K, used 42956K [0x0000000080000000, 0x0000000084300000, 0x00000000d5580000)
  object space 68608K, 62% used [0x0000000080000000,0x00000000829f3208,0x0000000084300000)
 Metaspace       used 64981K, committed 66304K, reserved 1114112K
  class space    used 8139K, committed 8768K, reserved 1048576K
}
Event: 705.423 GC heap before
{Heap before GC invocations=72 (full 3):
 PSYoungGen      total 14336K, used 13917K [0x00000000d5580000, 0x00000000d6680000, 0x0000000100000000)
  eden space 13312K, 99% used [0x00000000d5580000,0x00000000d627ced0,0x00000000d6280000)
  from space 1024K, 60% used [0x00000000d6580000,0x00000000d661a640,0x00000000d6680000)
  to   space 1024K, 0% used [0x00000000d6480000,0x00000000d6480000,0x00000000d6580000)
 ParOldGen       total 68608K, used 42956K [0x0000000080000000, 0x0000000084300000, 0x00000000d5580000)
  object space 68608K, 62% used [0x0000000080000000,0x00000000829f3208,0x0000000084300000)
 Metaspace       used 65029K, committed 66368K, reserved 1114112K
  class space    used 8145K, committed 8768K, reserved 1048576K
}
Event: 705.426 GC heap after
{Heap after GC invocations=72 (full 3):
 PSYoungGen      total 14336K, used 896K [0x00000000d5580000, 0x00000000d6600000, 0x0000000100000000)
  eden space 13312K, 0% used [0x00000000d5580000,0x00000000d5580000,0x00000000d6280000)
  from space 1024K, 87% used [0x00000000d6480000,0x00000000d6560000,0x00000000d6580000)
  to   space 512K, 0% used [0x00000000d6580000,0x00000000d6580000,0x00000000d6600000)
 ParOldGen       total 68608K, used 42988K [0x0000000080000000, 0x0000000084300000, 0x00000000d5580000)
  object space 68608K, 62% used [0x0000000080000000,0x00000000829fb208,0x0000000084300000)
 Metaspace       used 65029K, committed 66368K, reserved 1114112K
  class space    used 8145K, committed 8768K, reserved 1048576K
}
Event: 706.303 GC heap before
{Heap before GC invocations=73 (full 3):
 PSYoungGen      total 14336K, used 14208K [0x00000000d5580000, 0x00000000d6600000, 0x0000000100000000)
  eden space 13312K, 100% used [0x00000000d5580000,0x00000000d6280000,0x00000000d6280000)
  from space 1024K, 87% used [0x00000000d6480000,0x00000000d6560000,0x00000000d6580000)
  to   space 512K, 0% used [0x00000000d6580000,0x00000000d6580000,0x00000000d6600000)
 ParOldGen       total 68608K, used 42988K [0x0000000080000000, 0x0000000084300000, 0x00000000d5580000)
  object space 68608K, 62% used [0x0000000080000000,0x00000000829fb208,0x0000000084300000)
 Metaspace       used 65034K, committed 66368K, reserved 1114112K
  class space    used 8146K, committed 8768K, reserved 1048576K
}
Event: 706.304 GC heap after
{Heap after GC invocations=73 (full 3):
 PSYoungGen      total 13824K, used 224K [0x00000000d5580000, 0x00000000d6600000, 0x0000000100000000)
  eden space 13312K, 0% used [0x00000000d5580000,0x00000000d5580000,0x00000000d6280000)
  from space 512K, 43% used [0x00000000d6580000,0x00000000d65b8000,0x00000000d6600000)
  to   space 512K, 0% used [0x00000000d6500000,0x00000000d6500000,0x00000000d6580000)
 ParOldGen       total 68608K, used 43060K [0x0000000080000000, 0x0000000084300000, 0x00000000d5580000)
  object space 68608K, 62% used [0x0000000080000000,0x0000000082a0d218,0x0000000084300000)
 Metaspace       used 65034K, committed 66368K, reserved 1114112K
  class space    used 8146K, committed 8768K, reserved 1048576K
}
Event: 792.181 GC heap before
{Heap before GC invocations=74 (full 3):
 PSYoungGen      total 13824K, used 13536K [0x00000000d5580000, 0x00000000d6600000, 0x0000000100000000)
  eden space 13312K, 100% used [0x00000000d5580000,0x00000000d6280000,0x00000000d6280000)
  from space 512K, 43% used [0x00000000d6580000,0x00000000d65b8000,0x00000000d6600000)
  to   space 512K, 0% used [0x00000000d6500000,0x00000000d6500000,0x00000000d6580000)
 ParOldGen       total 68608K, used 43060K [0x0000000080000000, 0x0000000084300000, 0x00000000d5580000)
  object space 68608K, 62% used [0x0000000080000000,0x0000000082a0d218,0x0000000084300000)
 Metaspace       used 66038K, committed 67456K, reserved 1114112K
  class space    used 8272K, committed 8896K, reserved 1048576K
}
Event: 792.184 GC heap after
{Heap after GC invocations=74 (full 3):
 PSYoungGen      total 13824K, used 504K [0x00000000d5580000, 0x00000000d6600000, 0x0000000100000000)
  eden space 13312K, 0% used [0x00000000d5580000,0x00000000d5580000,0x00000000d6280000)
  from space 512K, 98% used [0x00000000d6500000,0x00000000d657e1a8,0x00000000d6580000)
  to   space 512K, 0% used [0x00000000d6580000,0x00000000d6580000,0x00000000d6600000)
 ParOldGen       total 68608K, used 43348K [0x0000000080000000, 0x0000000084300000, 0x00000000d5580000)
  object space 68608K, 63% used [0x0000000080000000,0x0000000082a55248,0x0000000084300000)
 Metaspace       used 66038K, committed 67456K, reserved 1114112K
  class space    used 8272K, committed 8896K, reserved 1048576K
}
Event: 922.521 GC heap before
{Heap before GC invocations=75 (full 3):
 PSYoungGen      total 13824K, used 13816K [0x00000000d5580000, 0x00000000d6600000, 0x0000000100000000)
  eden space 13312K, 100% used [0x00000000d5580000,0x00000000d6280000,0x00000000d6280000)
  from space 512K, 98% used [0x00000000d6500000,0x00000000d657e1a8,0x00000000d6580000)
  to   space 512K, 0% used [0x00000000d6580000,0x00000000d6580000,0x00000000d6600000)
 ParOldGen       total 68608K, used 43348K [0x0000000080000000, 0x0000000084300000, 0x00000000d5580000)
  object space 68608K, 63% used [0x0000000080000000,0x0000000082a55248,0x0000000084300000)
 Metaspace       used 66292K, committed 67776K, reserved 1114112K
  class space    used 8313K, committed 8960K, reserved 1048576K
}
Event: 922.524 GC heap after
{Heap after GC invocations=75 (full 3):
 PSYoungGen      total 13824K, used 512K [0x00000000d5580000, 0x00000000d6600000, 0x0000000100000000)
  eden space 13312K, 0% used [0x00000000d5580000,0x00000000d5580000,0x00000000d6280000)
  from space 512K, 100% used [0x00000000d6580000,0x00000000d6600000,0x00000000d6600000)
  to   space 1536K, 0% used [0x00000000d6300000,0x00000000d6300000,0x00000000d6480000)
 ParOldGen       total 68608K, used 43875K [0x0000000080000000, 0x0000000084300000, 0x00000000d5580000)
  object space 68608K, 63% used [0x0000000080000000,0x0000000082ad8d90,0x0000000084300000)
 Metaspace       used 66292K, committed 67776K, reserved 1114112K
  class space    used 8313K, committed 8960K, reserved 1048576K
}

