# JRE version: OpenJDK Runtime Environment Temurin-21.0.11+10 (21.0.11+10) (build 21.0.11+10-LTS)
# Java VM: OpenJDK 64-Bit Server VM Temurin-21.0.11+10 (21.0.11+10-LTS, mixed mode, sharing, tiered, compressed oops, compressed class ptrs, parallel gc, windows-amd64)
GC Precious Log:
 CardTable entry size: 512
 CPUs: 8 total, 8 available
 Memory: 7998M
 Large Page Support: Disabled
 NUMA Support: Disabled
 Compressed Oops: Enabled (32-bit)
 Alignments: Space 512K, Generation 512K, Heap 2M
 Heap Min Capacity: 100M
 Heap Initial Capacity: 100M
 Heap Max Capacity: 2G
 Pre-touch: Disabled
 Parallel Workers: 8
Heap:
 PSYoungGen      total 14336K, used 7566K [0x00000000d5580000, 0x00000000d6580000, 0x0000000100000000)
  eden space 13312K, 54% used [0x00000000d5580000,0x00000000d5ca39f8,0x00000000d6280000)
  from space 1024K, 25% used [0x00000000d6380000,0x00000000d63c0000,0x00000000d6480000)
  to   space 512K, 0% used [0x00000000d6500000,0x00000000d6500000,0x00000000d6580000)
 ParOldGen       total 68608K, used 38411K [0x0000000080000000, 0x0000000084300000, 0x00000000d5580000)
  object space 68608K, 55% used [0x0000000080000000,0x0000000082582e58,0x0000000084300000)
 Metaspace       used 64331K, committed 65664K, reserved 1114112K
  class space    used 8070K, committed 8640K, reserved 1048576K
GC Heap History (20 events):
Event: 22.672 GC heap before
{Heap before GC invocations=43 (full 3):
 PSYoungGen      total 14336K, used 13568K [0x00000000d5580000, 0x00000000d6780000, 0x0000000100000000)
  eden space 13312K, 100% used [0x00000000d5580000,0x00000000d6280000,0x00000000d6280000)
  from space 1024K, 25% used [0x00000000d6600000,0x00000000d6640000,0x00000000d6700000)
  to   space 512K, 0% used [0x00000000d6700000,0x00000000d6700000,0x00000000d6780000)
 ParOldGen       total 68608K, used 35572K [0x0000000080000000, 0x0000000084300000, 0x00000000d5580000)
  object space 68608K, 51% used [0x0000000080000000,0x00000000822bd2c0,0x0000000084300000)
 Metaspace       used 59567K, committed 60864K, reserved 1114112K
  class space    used 7457K, committed 8000K, reserved 1048576K
}
Event: 22.673 GC heap after
{Heap after GC invocations=43 (full 3):
 PSYoungGen      total 13824K, used 492K [0x00000000d5580000, 0x00000000d6780000, 0x0000000100000000)
  eden space 13312K, 0% used [0x00000000d5580000,0x00000000d5580000,0x00000000d6280000)
  from space 512K, 96% used [0x00000000d6700000,0x00000000d677b170,0x00000000d6780000)
  to   space 1536K, 0% used [0x00000000d6480000,0x00000000d6480000,0x00000000d6600000)
 ParOldGen       total 68608K, used 36194K [0x0000000080000000, 0x0000000084300000, 0x00000000d5580000)
  object space 68608K, 52% used [0x0000000080000000,0x0000000082358bc0,0x0000000084300000)
 Metaspace       used 59567K, committed 60864K, reserved 1114112K
  class space    used 7457K, committed 8000K, reserved 1048576K
}
Event: 22.789 GC heap before
{Heap before GC invocations=44 (full 3):
 PSYoungGen      total 13824K, used 13804K [0x00000000d5580000, 0x00000000d6780000, 0x0000000100000000)
  eden space 13312K, 100% used [0x00000000d5580000,0x00000000d6280000,0x00000000d6280000)
  from space 512K, 96% used [0x00000000d6700000,0x00000000d677b170,0x00000000d6780000)
  to   space 1536K, 0% used [0x00000000d6480000,0x00000000d6480000,0x00000000d6600000)
 ParOldGen       total 68608K, used 36194K [0x0000000080000000, 0x0000000084300000, 0x00000000d5580000)
  object space 68608K, 52% used [0x0000000080000000,0x0000000082358bc0,0x0000000084300000)
 Metaspace       used 59567K, committed 60864K, reserved 1114112K
  class space    used 7457K, committed 8000K, reserved 1048576K
}
Event: 22.790 GC heap after
{Heap after GC invocations=44 (full 3):
 PSYoungGen      total 14848K, used 368K [0x00000000d5580000, 0x00000000d6780000, 0x0000000100000000)
  eden space 13312K, 0% used [0x00000000d5580000,0x00000000d5580000,0x00000000d6280000)
  from space 1536K, 23% used [0x00000000d6480000,0x00000000d64dc200,0x00000000d6600000)
  to   space 1024K, 0% used [0x00000000d6680000,0x00000000d6680000,0x00000000d6780000)
 ParOldGen       total 68608K, used 36250K [0x0000000080000000, 0x0000000084300000, 0x00000000d5580000)
  object space 68608K, 52% used [0x0000000080000000,0x0000000082366bc0,0x0000000084300000)
 Metaspace       used 59567K, committed 60864K, reserved 1114112K
  class space    used 7457K, committed 8000K, reserved 1048576K
}
Event: 22.880 GC heap before
{Heap before GC invocations=45 (full 3):
 PSYoungGen      total 14848K, used 13680K [0x00000000d5580000, 0x00000000d6780000, 0x0000000100000000)
  eden space 13312K, 100% used [0x00000000d5580000,0x00000000d6280000,0x00000000d6280000)
  from space 1536K, 23% used [0x00000000d6480000,0x00000000d64dc200,0x00000000d6600000)
  to   space 1024K, 0% used [0x00000000d6680000,0x00000000d6680000,0x00000000d6780000)
 ParOldGen       total 68608K, used 36250K [0x0000000080000000, 0x0000000084300000, 0x00000000d5580000)
  object space 68608K, 52% used [0x0000000080000000,0x0000000082366bc0,0x0000000084300000)
 Metaspace       used 59567K, committed 60864K, reserved 1114112K
  class space    used 7457K, committed 8000K, reserved 1048576K
}
Event: 22.882 GC heap after
{Heap after GC invocations=45 (full 3):
 PSYoungGen      total 14336K, used 1015K [0x00000000d5580000, 0x00000000d6780000, 0x0000000100000000)
  eden space 13312K, 0% used [0x00000000d5580000,0x00000000d5580000,0x00000000d6280000)
  from space 1024K, 99% used [0x00000000d6680000,0x00000000d677dee8,0x00000000d6780000)
  to   space 1536K, 0% used [0x00000000d6480000,0x00000000d6480000,0x00000000d6600000)
 ParOldGen       total 68608K, used 36421K [0x0000000080000000, 0x0000000084300000, 0x00000000d5580000)
  object space 68608K, 53% used [0x0000000080000000,0x0000000082391570,0x0000000084300000)
 Metaspace       used 59567K, committed 60864K, reserved 1114112K
  class space    used 7457K, committed 8000K, reserved 1048576K
}
Event: 23.005 GC heap before
{Heap before GC invocations=46 (full 3):
 PSYoungGen      total 14336K, used 14327K [0x00000000d5580000, 0x00000000d6780000, 0x0000000100000000)
  eden space 13312K, 100% used [0x00000000d5580000,0x00000000d6280000,0x00000000d6280000)
  from space 1024K, 99% used [0x00000000d6680000,0x00000000d677dee8,0x00000000d6780000)
  to   space 1536K, 0% used [0x00000000d6480000,0x00000000d6480000,0x00000000d6600000)
 ParOldGen       total 68608K, used 36421K [0x0000000080000000, 0x0000000084300000, 0x00000000d5580000)
  object space 68608K, 53% used [0x0000000080000000,0x0000000082391570,0x0000000084300000)
 Metaspace       used 59567K, committed 60864K, reserved 1114112K
  class space    used 7457K, committed 8000K, reserved 1048576K
}
Event: 23.006 GC heap after
{Heap after GC invocations=46 (full 3):
 PSYoungGen      total 14848K, used 288K [0x00000000d5580000, 0x00000000d6700000, 0x0000000100000000)
  eden space 13312K, 0% used [0x00000000d5580000,0x00000000d5580000,0x00000000d6280000)
  from space 1536K, 18% used [0x00000000d6480000,0x00000000d64c8000,0x00000000d6600000)
  to   space 1024K, 0% used [0x00000000d6600000,0x00000000d6600000,0x00000000d6700000)
 ParOldGen       total 68608K, used 36501K [0x0000000080000000, 0x0000000084300000, 0x00000000d5580000)
  object space 68608K, 53% used [0x0000000080000000,0x00000000823a5790,0x0000000084300000)
 Metaspace       used 59567K, committed 60864K, reserved 1114112K
  class space    used 7457K, committed 8000K, reserved 1048576K
}
Event: 23.143 GC heap before
{Heap before GC invocations=47 (full 3):
 PSYoungGen      total 14848K, used 13600K [0x00000000d5580000, 0x00000000d6700000, 0x0000000100000000)
  eden space 13312K, 100% used [0x00000000d5580000,0x00000000d6280000,0x00000000d6280000)
  from space 1536K, 18% used [0x00000000d6480000,0x00000000d64c8000,0x00000000d6600000)
  to   space 1024K, 0% used [0x00000000d6600000,0x00000000d6600000,0x00000000d6700000)
 ParOldGen       total 68608K, used 36501K [0x0000000080000000, 0x0000000084300000, 0x00000000d5580000)
  object space 68608K, 53% used [0x0000000080000000,0x00000000823a5790,0x0000000084300000)
 Metaspace       used 59567K, committed 60864K, reserved 1114112K
  class space    used 7457K, committed 8000K, reserved 1048576K
}
Event: 23.144 GC heap after
{Heap after GC invocations=47 (full 3):
 PSYoungGen      total 14336K, used 1000K [0x00000000d5580000, 0x00000000d6700000, 0x0000000100000000)
  eden space 13312K, 0% used [0x00000000d5580000,0x00000000d5580000,0x00000000d6280000)
  from space 1024K, 97% used [0x00000000d6600000,0x00000000d66fa3b8,0x00000000d6700000)
  to   space 1536K, 0% used [0x00000000d6400000,0x00000000d6400000,0x00000000d6580000)
 ParOldGen       total 68608K, used 36666K [0x0000000080000000, 0x0000000084300000, 0x00000000d5580000)
  object space 68608K, 53% used [0x0000000080000000,0x00000000823ce958,0x0000000084300000)
 Metaspace       used 59567K, committed 60864K, reserved 1114112K
  class space    used 7457K, committed 8000K, reserved 1048576K
}
Event: 23.458 GC heap before
{Heap before GC invocations=48 (full 3):
 PSYoungGen      total 14336K, used 14312K [0x00000000d5580000, 0x00000000d6700000, 0x0000000100000000)
  eden space 13312K, 100% used [0x00000000d5580000,0x00000000d6280000,0x00000000d6280000)
  from space 1024K, 97% used [0x00000000d6600000,0x00000000d66fa3b8,0x00000000d6700000)
  to   space 1536K, 0% used [0x00000000d6400000,0x00000000d6400000,0x00000000d6580000)
 ParOldGen       total 68608K, used 36666K [0x0000000080000000, 0x0000000084300000, 0x00000000d5580000)
  object space 68608K, 53% used [0x0000000080000000,0x00000000823ce958,0x0000000084300000)
 Metaspace       used 60644K, committed 61952K, reserved 1114112K
  class space    used 7603K, committed 8128K, reserved 1048576K
}
Event: 23.460 GC heap after
{Heap after GC invocations=48 (full 3):
 PSYoungGen      total 14848K, used 544K [0x00000000d5580000, 0x00000000d6680000, 0x0000000100000000)
  eden space 13312K, 0% used [0x00000000d5580000,0x00000000d5580000,0x00000000d6280000)
  from space 1536K, 35% used [0x00000000d6400000,0x00000000d6488010,0x00000000d6580000)
  to   space 1024K, 0% used [0x00000000d6580000,0x00000000d6580000,0x00000000d6680000)
 ParOldGen       total 68608K, used 36730K [0x0000000080000000, 0x0000000084300000, 0x00000000d5580000)
  object space 68608K, 53% used [0x0000000080000000,0x00000000823de958,0x0000000084300000)
 Metaspace       used 60644K, committed 61952K, reserved 1114112K
  class space    used 7603K, committed 8128K, reserved 1048576K
}
Event: 23.863 GC heap before
{Heap before GC invocations=49 (full 3):
 PSYoungGen      total 14848K, used 13856K [0x00000000d5580000, 0x00000000d6680000, 0x0000000100000000)
  eden space 13312K, 100% used [0x00000000d5580000,0x00000000d6280000,0x00000000d6280000)
  from space 1536K, 35% used [0x00000000d6400000,0x00000000d6488010,0x00000000d6580000)
  to   space 1024K, 0% used [0x00000000d6580000,0x00000000d6580000,0x00000000d6680000)
 ParOldGen       total 68608K, used 36730K [0x0000000080000000, 0x0000000084300000, 0x00000000d5580000)
  object space 68608K, 53% used [0x0000000080000000,0x00000000823de958,0x0000000084300000)
 Metaspace       used 62233K, committed 63552K, reserved 1114112K
  class space    used 7842K, committed 8384K, reserved 1048576K
}
Event: 23.866 GC heap after
{Heap after GC invocations=49 (full 3):
 PSYoungGen      total 13824K, used 480K [0x00000000d5580000, 0x00000000d6600000, 0x0000000100000000)
  eden space 13312K, 0% used [0x00000000d5580000,0x00000000d5580000,0x00000000d6280000)
  from space 512K, 93% used [0x00000000d6580000,0x00000000d65f8000,0x00000000d6600000)
  to   space 1024K, 0% used [0x00000000d6400000,0x00000000d6400000,0x00000000d6500000)
 ParOldGen       total 68608K, used 37137K [0x0000000080000000, 0x0000000084300000, 0x00000000d5580000)
  object space 68608K, 54% used [0x0000000080000000,0x00000000824446a8,0x0000000084300000)
 Metaspace       used 62233K, committed 63552K, reserved 1114112K
  class space    used 7842K, committed 8384K, reserved 1048576K
}
Event: 46.122 GC heap before
{Heap before GC invocations=50 (full 3):
 PSYoungGen      total 13824K, used 13792K [0x00000000d5580000, 0x00000000d6600000, 0x0000000100000000)
  eden space 13312K, 100% used [0x00000000d5580000,0x00000000d6280000,0x00000000d6280000)
  from space 512K, 93% used [0x00000000d6580000,0x00000000d65f8000,0x00000000d6600000)
  to   space 1024K, 0% used [0x00000000d6400000,0x00000000d6400000,0x00000000d6500000)
 ParOldGen       total 68608K, used 37137K [0x0000000080000000, 0x0000000084300000, 0x00000000d5580000)
  object space 68608K, 54% used [0x0000000080000000,0x00000000824446a8,0x0000000084300000)
 Metaspace       used 63620K, committed 64960K, reserved 1114112K
  class space    used 8013K, committed 8576K, reserved 1048576K
}
Event: 46.125 GC heap after
{Heap after GC invocations=50 (full 3):
 PSYoungGen      total 14336K, used 944K [0x00000000d5580000, 0x00000000d6600000, 0x0000000100000000)
  eden space 13312K, 0% used [0x00000000d5580000,0x00000000d5580000,0x00000000d6280000)
  from space 1024K, 92% used [0x00000000d6400000,0x00000000d64ec010,0x00000000d6500000)
  to   space 1024K, 0% used [0x00000000d6500000,0x00000000d6500000,0x00000000d6600000)
 ParOldGen       total 68608K, used 37443K [0x0000000080000000, 0x0000000084300000, 0x00000000d5580000)
  object space 68608K, 54% used [0x0000000080000000,0x0000000082490dd0,0x0000000084300000)
 Metaspace       used 63620K, committed 64960K, reserved 1114112K
  class space    used 8013K, committed 8576K, reserved 1048576K
}
Event: 204.750 GC heap before
{Heap before GC invocations=51 (full 3):
 PSYoungGen      total 14336K, used 14256K [0x00000000d5580000, 0x00000000d6600000, 0x0000000100000000)
  eden space 13312K, 100% used [0x00000000d5580000,0x00000000d6280000,0x00000000d6280000)
  from space 1024K, 92% used [0x00000000d6400000,0x00000000d64ec010,0x00000000d6500000)
  to   space 1024K, 0% used [0x00000000d6500000,0x00000000d6500000,0x00000000d6600000)
 ParOldGen       total 68608K, used 37443K [0x0000000080000000, 0x0000000084300000, 0x00000000d5580000)
  object space 68608K, 54% used [0x0000000080000000,0x0000000082490dd0,0x0000000084300000)
 Metaspace       used 64038K, committed 65408K, reserved 1114112K
  class space    used 8052K, committed 8640K, reserved 1048576K
}
Event: 204.754 GC heap after
{Heap after GC invocations=51 (full 3):
 PSYoungGen      total 13824K, used 320K [0x00000000d5580000, 0x00000000d6580000, 0x0000000100000000)
  eden space 13312K, 0% used [0x00000000d5580000,0x00000000d5580000,0x00000000d6280000)
  from space 512K, 62% used [0x00000000d6500000,0x00000000d6550000,0x00000000d6580000)
  to   space 1024K, 0% used [0x00000000d6380000,0x00000000d6380000,0x00000000d6480000)
 ParOldGen       total 68608K, used 38227K [0x0000000080000000, 0x0000000084300000, 0x00000000d5580000)
  object space 68608K, 55% used [0x0000000080000000,0x0000000082554dd0,0x0000000084300000)
 Metaspace       used 64038K, committed 65408K, reserved 1114112K
  class space    used 8052K, committed 8640K, reserved 1048576K
}
Event: 271.565 GC heap before
{Heap before GC invocations=52 (full 3):
 PSYoungGen      total 13824K, used 13632K [0x00000000d5580000, 0x00000000d6580000, 0x0000000100000000)
  eden space 13312K, 100% used [0x00000000d5580000,0x00000000d6280000,0x00000000d6280000)
  from space 512K, 62% used [0x00000000d6500000,0x00000000d6550000,0x00000000d6580000)
  to   space 1024K, 0% used [0x00000000d6380000,0x00000000d6380000,0x00000000d6480000)
 ParOldGen       total 68608K, used 38227K [0x0000000080000000, 0x0000000084300000, 0x00000000d5580000)
  object space 68608K, 55% used [0x0000000080000000,0x0000000082554dd0,0x0000000084300000)
 Metaspace       used 64263K, committed 65600K, reserved 1114112K
  class space    used 8062K, committed 8640K, reserved 1048576K
}
Event: 271.567 GC heap after
{Heap after GC invocations=52 (full 3):
 PSYoungGen      total 14336K, used 256K [0x00000000d5580000, 0x00000000d6580000, 0x0000000100000000)
  eden space 13312K, 0% used [0x00000000d5580000,0x00000000d5580000,0x00000000d6280000)
  from space 1024K, 25% used [0x00000000d6380000,0x00000000d63c0000,0x00000000d6480000)
  to   space 512K, 0% used [0x00000000d6500000,0x00000000d6500000,0x00000000d6580000)
 ParOldGen       total 68608K, used 38411K [0x0000000080000000, 0x0000000084300000, 0x00000000d5580000)
  object space 68608K, 55% used [0x0000000080000000,0x0000000082582e58,0x0000000084300000)
 Metaspace       used 64263K, committed 65600K, reserved 1114112K
  class space    used 8062K, committed 8640K, reserved 1048576K
}

