# JRE version: OpenJDK Runtime Environment Microsoft-13877129 (17.0.19+10) (build 17.0.19+10-LTS)
# Java VM: OpenJDK 64-Bit Server VM Microsoft-13877129 (17.0.19+10-LTS, mixed mode, sharing, tiered, compressed oops, compressed class ptrs, g1 gc, windows-amd64)
GC Precious Log:
 CPUs: 8 total, 8 available
 Memory: 7998M
 Large Page Support: Disabled
 NUMA Support: Disabled
 Compressed Oops: Enabled (32-bit)
 Heap Region Size: 1M
 Heap Min Capacity: 8M
 Heap Initial Capacity: 126M
 Heap Max Capacity: 2G
 Pre-touch: Disabled
 Parallel Workers: 8
 Concurrent Workers: 2
 Concurrent Refinement Workers: 8
 Periodic GC: Disabled
Heap:
 garbage-first heap   total 281600K, used 122205K [0x0000000080000000, 0x0000000100000000)
  region size 1024K, 5 young (5120K), 5 survivors (5120K)
 Metaspace       used 75877K, committed 76992K, reserved 557056K
  class space    used 10153K, committed 10688K, reserved 425984K
GC Heap History (20 events):
Event: 1199.278 GC heap after
{Heap after GC invocations=31 (full 0):
 garbage-first heap   total 281600K, used 87337K [0x0000000080000000, 0x0000000100000000)
  region size 1024K, 7 young (7168K), 7 survivors (7168K)
 Metaspace       used 74511K, committed 75648K, reserved 491520K
  class space    used 10062K, committed 10624K, reserved 425984K
}
Event: 1200.654 GC heap before
{Heap before GC invocations=32 (full 0):
 garbage-first heap   total 281600K, used 234793K [0x0000000080000000, 0x0000000100000000)
  region size 1024K, 151 young (154624K), 7 survivors (7168K)
 Metaspace       used 74501K, committed 75648K, reserved 491520K
  class space    used 10053K, committed 10624K, reserved 425984K
}
Event: 1200.667 GC heap after
{Heap after GC invocations=33 (full 0):
 garbage-first heap   total 281600K, used 92891K [0x0000000080000000, 0x0000000100000000)
  region size 1024K, 11 young (11264K), 11 survivors (11264K)
 Metaspace       used 74501K, committed 75648K, reserved 491520K
  class space    used 10053K, committed 10624K, reserved 425984K
}
Event: 1200.674 GC heap before
{Heap before GC invocations=33 (full 0):
 garbage-first heap   total 281600K, used 94939K [0x0000000080000000, 0x0000000100000000)
  region size 1024K, 14 young (14336K), 11 survivors (11264K)
 Metaspace       used 74501K, committed 75648K, reserved 491520K
  class space    used 10053K, committed 10624K, reserved 425984K
}
Event: 1200.689 GC heap after
{Heap after GC invocations=34 (full 0):
 garbage-first heap   total 281600K, used 92323K [0x0000000080000000, 0x0000000100000000)
  region size 1024K, 2 young (2048K), 2 survivors (2048K)
 Metaspace       used 74501K, committed 75648K, reserved 491520K
  class space    used 10053K, committed 10624K, reserved 425984K
}
Event: 1202.168 GC heap before
{Heap before GC invocations=34 (full 0):
 garbage-first heap   total 281600K, used 232611K [0x0000000080000000, 0x0000000100000000)
  region size 1024K, 140 young (143360K), 2 survivors (2048K)
 Metaspace       used 74534K, committed 75648K, reserved 491520K
  class space    used 10053K, committed 10624K, reserved 425984K
}
Event: 1202.177 GC heap after
{Heap after GC invocations=35 (full 0):
 garbage-first heap   total 281600K, used 91706K [0x0000000080000000, 0x0000000100000000)
  region size 1024K, 6 young (6144K), 6 survivors (6144K)
 Metaspace       used 74534K, committed 75648K, reserved 491520K
  class space    used 10053K, committed 10624K, reserved 425984K
}
Event: 1204.143 GC heap before
{Heap before GC invocations=35 (full 0):
 garbage-first heap   total 281600K, used 236090K [0x0000000080000000, 0x0000000100000000)
  region size 1024K, 145 young (148480K), 6 survivors (6144K)
 Metaspace       used 74597K, committed 75776K, reserved 491520K
  class space    used 10053K, committed 10624K, reserved 425984K
}
Event: 1204.155 GC heap after
{Heap after GC invocations=36 (full 0):
 garbage-first heap   total 281600K, used 96963K [0x0000000080000000, 0x0000000100000000)
  region size 1024K, 11 young (11264K), 11 survivors (11264K)
 Metaspace       used 74597K, committed 75776K, reserved 491520K
  class space    used 10053K, committed 10624K, reserved 425984K
}
Event: 1205.351 GC heap before
{Heap before GC invocations=36 (full 0):
 garbage-first heap   total 281600K, used 234179K [0x0000000080000000, 0x0000000100000000)
  region size 1024K, 146 young (149504K), 11 survivors (11264K)
 Metaspace       used 74633K, committed 75840K, reserved 557056K
  class space    used 10053K, committed 10624K, reserved 425984K
}
Event: 1205.364 GC heap after
{Heap after GC invocations=37 (full 0):
 garbage-first heap   total 281600K, used 100630K [0x0000000080000000, 0x0000000100000000)
  region size 1024K, 9 young (9216K), 9 survivors (9216K)
 Metaspace       used 74633K, committed 75840K, reserved 557056K
  class space    used 10053K, committed 10624K, reserved 425984K
}
Event: 1211.118 GC heap before
{Heap before GC invocations=37 (full 0):
 garbage-first heap   total 281600K, used 237846K [0x0000000080000000, 0x0000000100000000)
  region size 1024K, 143 young (146432K), 9 survivors (9216K)
 Metaspace       used 74771K, committed 75904K, reserved 557056K
  class space    used 10056K, committed 10624K, reserved 425984K
}
Event: 1211.138 GC heap after
{Heap after GC invocations=38 (full 0):
 garbage-first heap   total 281600K, used 105602K [0x0000000080000000, 0x0000000100000000)
  region size 1024K, 14 young (14336K), 14 survivors (14336K)
 Metaspace       used 74771K, committed 75904K, reserved 557056K
  class space    used 10056K, committed 10624K, reserved 425984K
}
Event: 1212.861 GC heap before
{Heap before GC invocations=38 (full 0):
 garbage-first heap   total 281600K, used 240770K [0x0000000080000000, 0x0000000100000000)
  region size 1024K, 143 young (146432K), 14 survivors (14336K)
 Metaspace       used 75765K, committed 76864K, reserved 557056K
  class space    used 10153K, committed 10688K, reserved 425984K
}
Event: 1212.891 GC heap after
{Heap after GC invocations=39 (full 0):
 garbage-first heap   total 281600K, used 117219K [0x0000000080000000, 0x0000000100000000)
  region size 1024K, 17 young (17408K), 17 survivors (17408K)
 Metaspace       used 75765K, committed 76864K, reserved 557056K
  class space    used 10153K, committed 10688K, reserved 425984K
}
Event: 1213.529 GC heap before
{Heap before GC invocations=39 (full 0):
 garbage-first heap   total 281600K, used 233955K [0x0000000080000000, 0x0000000100000000)
  region size 1024K, 132 young (135168K), 17 survivors (17408K)
 Metaspace       used 75839K, committed 76928K, reserved 557056K
  class space    used 10153K, committed 10688K, reserved 425984K
}
Event: 1213.551 GC heap after
{Heap after GC invocations=40 (full 0):
 garbage-first heap   total 281600K, used 118833K [0x0000000080000000, 0x0000000100000000)
  region size 1024K, 10 young (10240K), 10 survivors (10240K)
 Metaspace       used 75839K, committed 76928K, reserved 557056K
  class space    used 10153K, committed 10688K, reserved 425984K
}
Event: 1214.109 GC heap before
{Heap before GC invocations=40 (full 0):
 garbage-first heap   total 281600K, used 237617K [0x0000000080000000, 0x0000000100000000)
  region size 1024K, 127 young (130048K), 10 survivors (10240K)
 Metaspace       used 75873K, committed 76992K, reserved 557056K
  class space    used 10153K, committed 10688K, reserved 425984K
}
Event: 1214.127 GC heap after
{Heap after GC invocations=41 (full 0):
 garbage-first heap   total 281600K, used 120256K [0x0000000080000000, 0x0000000100000000)
  region size 1024K, 4 young (4096K), 4 survivors (4096K)
 Metaspace       used 75873K, committed 76992K, reserved 557056K
  class space    used 10153K, committed 10688K, reserved 425984K
}
Event: 1214.588 GC heap before
{Heap before GC invocations=41 (full 0):
 garbage-first heap   total 281600K, used 240064K [0x0000000080000000, 0x0000000100000000)
  region size 1024K, 121 young (123904K), 4 survivors (4096K)
 Metaspace       used 75877K, committed 76992K, reserved 557056K
  class space    used 10153K, committed 10688K, reserved 425984K
}

